<?xml version="1.0" encoding="UTF-8"?>
<!-- Generated by org.testng.reporters.JUnitXMLReporter -->
<testsuite ignored="0" hostname="APL-6JSJTH4" failures="13" tests="33" name="Default test" time="211.667" errors="0" timestamp="2026-07-10T21:31:38 IST">
  <testcase classname="io.cucumber.testng.AbstractTestNGCucumberTests" name="runScenario" time="45.672"/>
  <testcase classname="io.cucumber.testng.AbstractTestNGCucumberTests" name="runScenario" time="45.672"/>
  <testcase classname="io.cucumber.testng.AbstractTestNGCucumberTests" name="runScenario" time="45.72"/>
  <testcase classname="io.cucumber.testng.AbstractTestNGCucumberTests" name="runScenario" time="46.994">
    <failure type="junit.framework.AssertionFailedError">
      <![CDATA[junit.framework.AssertionFailedError
at junit.framework.Assert.fail(Assert.java:55)
at junit.framework.Assert.assertTrue(Assert.java:22)
at junit.framework.Assert.assertTrue(Assert.java:31)
at stepDef.LoginAndLogoutStepDef.they_should_see_an_error_message(LoginAndLogoutStepDef.java:138)
at ✽.they should see an error message "Enter username"(file:///C:/Users/SA20696539/git/SDET-capstoneproject/JpetCapstone/src/test/java/features/02_JpetLoginAndLogout.feature:18)
]]>
    </failure>
  </testcase> <!-- runScenario -->
  <testcase classname="io.cucumber.testng.AbstractTestNGCucumberTests" name="runScenario" time="52.474"/>
  <testcase classname="io.cucumber.testng.AbstractTestNGCucumberTests" name="runScenario" time="63.63">
    <failure type="junit.framework.AssertionFailedError">
      <![CDATA[junit.framework.AssertionFailedError
at junit.framework.Assert.fail(Assert.java:55)
at junit.framework.Assert.assertTrue(Assert.java:22)
at junit.framework.Assert.assertTrue(Assert.java:31)
at stepDef.LoginAndLogoutStepDef.they_should_see_an_error_message(LoginAndLogoutStepDef.java:138)
at ✽.they should see an error message "Enter password"(file:///C:/Users/SA20696539/git/SDET-capstoneproject/JpetCapstone/src/test/java/features/02_JpetLoginAndLogout.feature:18)
]]>
    </failure>
  </testcase> <!-- runScenario -->
  <testcase classname="io.cucumber.testng.AbstractTestNGCucumberTests" name="runScenario" time="70.22"/>
  <testcase classname="io.cucumber.testng.AbstractTestNGCucumberTests" name="runScenario" time="70.25"/>
  <testcase classname="io.cucumber.testng.AbstractTestNGCucumberTests" name="runScenario" time="80.438">
    <failure type="org.openqa.selenium.TimeoutException" message="Expected condition failed: waiting for element found by By.tagName: body to contain text &amp;quot;Amazon Parrot&amp;quot;. Current text: &amp;quot;SAMPLE APPS
GET INVOLVED
MONITORING
A FULL-STACK SAMPLE WEB APPLICATION BUILT ON TOP OF ASPECTRAN AND MYBATIS
JPetStore Demo
The goal of the JPetStore Demo App is to provide and demonstrate a sample web application that leverages Aspectran and MyBatis.
Sample Apps
JPetStore Demo
Fish
Dogs
Reptiles
Cats
Birds
AppMon
?
0 My Orders
Welcome Naga!
Fish
Saltwater, Freshwater
Dogs
Various Breeds
Cats
Various Breeds, Exotic Varieties
Reptiles
Lizards, Turtles, Snakes
Birds
Exotic Varieties
Pet Favorites
Shop for more of your favorite pets here.
Angelfish
Tiger Shark
Koi
Goldfish
aspectran.com
mybatis.org
ABOUT ASPECTRAN
Aspectran is a lightweight, high‑performance framework for building both simple shell applications and large enterprise web services on the JVM.
GET INVOLVED
GitHub
Copyright © 2008-present The Aspectran Project
Powered by Aspectran 9.6.1-SNAPSHOT&amp;quot;.
(tried for 10 seconds with 500 milliseconds interval)
Build info: version: &amp;apos;4.44.0&amp;apos;, revision: &amp;apos;da2039b&amp;apos;
System info: os.name: &amp;apos;Windows 11&amp;apos;, os.arch: &amp;apos;amd64&amp;apos;, os.version: &amp;apos;10.0&amp;apos;, java.version: &amp;apos;21.0.1&amp;apos;
Driver info: org.openqa.selenium.edge.EdgeDriver
Capabilities {acceptInsecureCerts: false, browserName: MicrosoftEdge, browserVersion: 150.0.4078.48, fedcm:accounts: true, goog:processID: 47640, ms:edgeOptions: {debuggerAddress: localhost:64851}, msedge: {msedgedriverVersion: 150.0.4078.65 (7e26d29c1de8..., userDataDir: C:\Users\SA2069~1\AppData\L...}, networkConnectionEnabled: false, pageLoadStrategy: normal, platformName: windows, proxy: Proxy(), se:cdp: ws://localhost:64851/devtoo..., se:cdpVersion: 150.0.4078.48, setWindowRect: true, strictFileInteractability: false, timeouts: {implicit: 0, pageLoad: 300000, script: 30000}, unhandledPromptBehavior: dismiss and notify, webauthn:extension:credBlob: true, webauthn:extension:largeBlob: true, webauthn:extension:minPinLength: true, webauthn:extension:prf: true, webauthn:virtualAuthenticators: true}
Session ID: 2fee0303e17d29bdcc420ce9dbcd9f41">
      <![CDATA[org.openqa.selenium.TimeoutException: Expected condition failed: waiting for element found by By.tagName: body to contain text "Amazon Parrot". Current text: "SAMPLE APPS
GET INVOLVED
MONITORING
A FULL-STACK SAMPLE WEB APPLICATION BUILT ON TOP OF ASPECTRAN AND MYBATIS
JPetStore Demo
The goal of the JPetStore Demo App is to provide and demonstrate a sample web application that leverages Aspectran and MyBatis.
Sample Apps
JPetStore Demo
Fish
Dogs
Reptiles
Cats
Birds
AppMon
?
0 My Orders
Welcome Naga!
Fish
Saltwater, Freshwater
Dogs
Various Breeds
Cats
Various Breeds, Exotic Varieties
Reptiles
Lizards, Turtles, Snakes
Birds
Exotic Varieties
Pet Favorites
Shop for more of your favorite pets here.
Angelfish
Tiger Shark
Koi
Goldfish
aspectran.com
mybatis.org
ABOUT ASPECTRAN
Aspectran is a lightweight, high‑performance framework for building both simple shell applications and large enterprise web services on the JVM.
GET INVOLVED
GitHub
Copyright © 2008-present The Aspectran Project
Powered by Aspectran 9.6.1-SNAPSHOT".
(tried for 10 seconds with 500 milliseconds interval)
Build info: version: '4.44.0', revision: 'da2039b'
System info: os.name: 'Windows 11', os.arch: 'amd64', os.version: '10.0', java.version: '21.0.1'
Driver info: org.openqa.selenium.edge.EdgeDriver
Capabilities {acceptInsecureCerts: false, browserName: MicrosoftEdge, browserVersion: 150.0.4078.48, fedcm:accounts: true, goog:processID: 47640, ms:edgeOptions: {debuggerAddress: localhost:64851}, msedge: {msedgedriverVersion: 150.0.4078.65 (7e26d29c1de8..., userDataDir: C:\Users\SA2069~1\AppData\L...}, networkConnectionEnabled: false, pageLoadStrategy: normal, platformName: windows, proxy: Proxy(), se:cdp: ws://localhost:64851/devtoo..., se:cdpVersion: 150.0.4078.48, setWindowRect: true, strictFileInteractability: false, timeouts: {implicit: 0, pageLoad: 300000, script: 30000}, unhandledPromptBehavior: dismiss and notify, webauthn:extension:credBlob: true, webauthn:extension:largeBlob: true, webauthn:extension:minPinLength: true, webauthn:extension:prf: true, webauthn:virtualAuthenticators: true}
Session ID: 2fee0303e17d29bdcc420ce9dbcd9f41
at org.openqa.selenium.support.ui.WebDriverWait.timeoutException(WebDriverWait.java:85)
at org.openqa.selenium.support.ui.FluentWait.until(FluentWait.java:234)
at stepDef.HomeStepDef.User_should_able_to_see_data_releated_to_it(HomeStepDef.java:83)
at ✽.User Should able to see data related to it(file:///C:/Users/SA20696539/git/SDET-capstoneproject/JpetCapstone/src/test/java/features/03_JpetHome.feature:14)
]]>
    </failure>
  </testcase> <!-- runScenario -->
  <testcase classname="io.cucumber.testng.AbstractTestNGCucumberTests" name="runScenario" time="85.966">
    <failure type="org.openqa.selenium.TimeoutException" message="Expected condition failed: waiting for element found by By.tagName: body to contain text &amp;quot;Amazon Parrot&amp;quot;. Current text: &amp;quot;SAMPLE APPS
GET INVOLVED
MONITORING
A FULL-STACK SAMPLE WEB APPLICATION BUILT ON TOP OF ASPECTRAN AND MYBATIS
JPetStore Demo
The goal of the JPetStore Demo App is to provide and demonstrate a sample web application that leverages Aspectran and MyBatis.
Sample Apps
JPetStore Demo
Fish
Dogs
Reptiles
Cats
Birds
AppMon
?
0 My Orders
Search Results for &amp;quot;birds&amp;quot;
Return to Main Menu
Product ID Name Description
aspectran.com
mybatis.org
ABOUT ASPECTRAN
Aspectran is a lightweight, high‑performance framework for building both simple shell applications and large enterprise web services on the JVM.
GET INVOLVED
GitHub
Copyright © 2008-present The Aspectran Project
Powered by Aspectran 9.6.1-SNAPSHOT&amp;quot;.
(tried for 10 seconds with 500 milliseconds interval)
Build info: version: &amp;apos;4.44.0&amp;apos;, revision: &amp;apos;da2039b&amp;apos;
System info: os.name: &amp;apos;Windows 11&amp;apos;, os.arch: &amp;apos;amd64&amp;apos;, os.version: &amp;apos;10.0&amp;apos;, java.version: &amp;apos;21.0.1&amp;apos;
Driver info: org.openqa.selenium.edge.EdgeDriver
Capabilities {acceptInsecureCerts: false, browserName: MicrosoftEdge, browserVersion: 150.0.4078.48, fedcm:accounts: true, goog:processID: 45916, ms:edgeOptions: {debuggerAddress: localhost:51895}, msedge: {msedgedriverVersion: 150.0.4078.65 (7e26d29c1de8..., userDataDir: C:\Users\SA2069~1\AppData\L...}, networkConnectionEnabled: false, pageLoadStrategy: normal, platformName: windows, proxy: Proxy(), se:cdp: ws://localhost:51895/devtoo..., se:cdpVersion: 150.0.4078.48, setWindowRect: true, strictFileInteractability: false, timeouts: {implicit: 0, pageLoad: 300000, script: 30000}, unhandledPromptBehavior: dismiss and notify, webauthn:extension:credBlob: true, webauthn:extension:largeBlob: true, webauthn:extension:minPinLength: true, webauthn:extension:prf: true, webauthn:virtualAuthenticators: true}
Session ID: d052d4e75afd53ff66ce43ec0d539914">
      <![CDATA[org.openqa.selenium.TimeoutException: Expected condition failed: waiting for element found by By.tagName: body to contain text "Amazon Parrot". Current text: "SAMPLE APPS
GET INVOLVED
MONITORING
A FULL-STACK SAMPLE WEB APPLICATION BUILT ON TOP OF ASPECTRAN AND MYBATIS
JPetStore Demo
The goal of the JPetStore Demo App is to provide and demonstrate a sample web application that leverages Aspectran and MyBatis.
Sample Apps
JPetStore Demo
Fish
Dogs
Reptiles
Cats
Birds
AppMon
?
0 My Orders
Search Results for "birds"
Return to Main Menu
Product ID Name Description
aspectran.com
mybatis.org
ABOUT ASPECTRAN
Aspectran is a lightweight, high‑performance framework for building both simple shell applications and large enterprise web services on the JVM.
GET INVOLVED
GitHub
Copyright © 2008-present The Aspectran Project
Powered by Aspectran 9.6.1-SNAPSHOT".
(tried for 10 seconds with 500 milliseconds interval)
Build info: version: '4.44.0', revision: 'da2039b'
System info: os.name: 'Windows 11', os.arch: 'amd64', os.version: '10.0', java.version: '21.0.1'
Driver info: org.openqa.selenium.edge.EdgeDriver
Capabilities {acceptInsecureCerts: false, browserName: MicrosoftEdge, browserVersion: 150.0.4078.48, fedcm:accounts: true, goog:processID: 45916, ms:edgeOptions: {debuggerAddress: localhost:51895}, msedge: {msedgedriverVersion: 150.0.4078.65 (7e26d29c1de8..., userDataDir: C:\Users\SA2069~1\AppData\L...}, networkConnectionEnabled: false, pageLoadStrategy: normal, platformName: windows, proxy: Proxy(), se:cdp: ws://localhost:51895/devtoo..., se:cdpVersion: 150.0.4078.48, setWindowRect: true, strictFileInteractability: false, timeouts: {implicit: 0, pageLoad: 300000, script: 30000}, unhandledPromptBehavior: dismiss and notify, webauthn:extension:credBlob: true, webauthn:extension:largeBlob: true, webauthn:extension:minPinLength: true, webauthn:extension:prf: true, webauthn:virtualAuthenticators: true}
Session ID: d052d4e75afd53ff66ce43ec0d539914
at org.openqa.selenium.support.ui.WebDriverWait.timeoutException(WebDriverWait.java:85)
at org.openqa.selenium.support.ui.FluentWait.until(FluentWait.java:234)
at stepDef.HomeStepDef.user_should_able_to_see_data_related_to_it_with_expected_text(HomeStepDef.java:109)
at ✽.User Should able to see data related to it with expected text "Amazon Parrot"(file:///C:/Users/SA20696539/git/SDET-capstoneproject/JpetCapstone/src/test/java/features/03_JpetHome.feature:21)
]]>
    </failure>
  </testcase> <!-- runScenario -->
  <testcase classname="io.cucumber.testng.AbstractTestNGCucumberTests" name="runScenario" time="40.476"/>
  <testcase classname="io.cucumber.testng.AbstractTestNGCucumberTests" name="runScenario" time="36.951"/>
  <testcase classname="io.cucumber.testng.AbstractTestNGCucumberTests" name="runScenario" time="48.216">
    <failure type="org.openqa.selenium.TimeoutException" message="Expected condition failed: waiting for element found by By.tagName: body to contain text &amp;quot;Manx&amp;quot;. Current text: &amp;quot;SAMPLE APPS
GET INVOLVED
MONITORING
A FULL-STACK SAMPLE WEB APPLICATION BUILT ON TOP OF ASPECTRAN AND MYBATIS
JPetStore Demo
The goal of the JPetStore Demo App is to provide and demonstrate a sample web application that leverages Aspectran and MyBatis.
Sample Apps
JPetStore Demo
Fish
Dogs
Reptiles
Cats
Birds
AppMon
?
0 My Orders
Search Results for &amp;quot;cats&amp;quot;
Return to Main Menu
Product ID Name Description
aspectran.com
mybatis.org
ABOUT ASPECTRAN
Aspectran is a lightweight, high‑performance framework for building both simple shell applications and large enterprise web services on the JVM.
GET INVOLVED
GitHub
Copyright © 2008-present The Aspectran Project
Powered by Aspectran 9.6.1-SNAPSHOT&amp;quot;.
(tried for 10 seconds with 500 milliseconds interval)
Build info: version: &amp;apos;4.44.0&amp;apos;, revision: &amp;apos;da2039b&amp;apos;
System info: os.name: &amp;apos;Windows 11&amp;apos;, os.arch: &amp;apos;amd64&amp;apos;, os.version: &amp;apos;10.0&amp;apos;, java.version: &amp;apos;21.0.1&amp;apos;
Driver info: org.openqa.selenium.edge.EdgeDriver
Capabilities {acceptInsecureCerts: false, browserName: MicrosoftEdge, browserVersion: 150.0.4078.48, fedcm:accounts: true, goog:processID: 20508, ms:edgeOptions: {debuggerAddress: localhost:53329}, msedge: {msedgedriverVersion: 150.0.4078.65 (7e26d29c1de8..., userDataDir: C:\Users\SA2069~1\AppData\L...}, networkConnectionEnabled: false, pageLoadStrategy: normal, platformName: windows, proxy: Proxy(), se:cdp: ws://localhost:53329/devtoo..., se:cdpVersion: 150.0.4078.48, setWindowRect: true, strictFileInteractability: false, timeouts: {implicit: 0, pageLoad: 300000, script: 30000}, unhandledPromptBehavior: dismiss and notify, webauthn:extension:credBlob: true, webauthn:extension:largeBlob: true, webauthn:extension:minPinLength: true, webauthn:extension:prf: true, webauthn:virtualAuthenticators: true}
Session ID: 1560e24b5cb9a4799677481eaa87478c">
      <![CDATA[org.openqa.selenium.TimeoutException: Expected condition failed: waiting for element found by By.tagName: body to contain text "Manx". Current text: "SAMPLE APPS
GET INVOLVED
MONITORING
A FULL-STACK SAMPLE WEB APPLICATION BUILT ON TOP OF ASPECTRAN AND MYBATIS
JPetStore Demo
The goal of the JPetStore Demo App is to provide and demonstrate a sample web application that leverages Aspectran and MyBatis.
Sample Apps
JPetStore Demo
Fish
Dogs
Reptiles
Cats
Birds
AppMon
?
0 My Orders
Search Results for "cats"
Return to Main Menu
Product ID Name Description
aspectran.com
mybatis.org
ABOUT ASPECTRAN
Aspectran is a lightweight, high‑performance framework for building both simple shell applications and large enterprise web services on the JVM.
GET INVOLVED
GitHub
Copyright © 2008-present The Aspectran Project
Powered by Aspectran 9.6.1-SNAPSHOT".
(tried for 10 seconds with 500 milliseconds interval)
Build info: version: '4.44.0', revision: 'da2039b'
System info: os.name: 'Windows 11', os.arch: 'amd64', os.version: '10.0', java.version: '21.0.1'
Driver info: org.openqa.selenium.edge.EdgeDriver
Capabilities {acceptInsecureCerts: false, browserName: MicrosoftEdge, browserVersion: 150.0.4078.48, fedcm:accounts: true, goog:processID: 20508, ms:edgeOptions: {debuggerAddress: localhost:53329}, msedge: {msedgedriverVersion: 150.0.4078.65 (7e26d29c1de8..., userDataDir: C:\Users\SA2069~1\AppData\L...}, networkConnectionEnabled: false, pageLoadStrategy: normal, platformName: windows, proxy: Proxy(), se:cdp: ws://localhost:53329/devtoo..., se:cdpVersion: 150.0.4078.48, setWindowRect: true, strictFileInteractability: false, timeouts: {implicit: 0, pageLoad: 300000, script: 30000}, unhandledPromptBehavior: dismiss and notify, webauthn:extension:credBlob: true, webauthn:extension:largeBlob: true, webauthn:extension:minPinLength: true, webauthn:extension:prf: true, webauthn:virtualAuthenticators: true}
Session ID: 1560e24b5cb9a4799677481eaa87478c
at org.openqa.selenium.support.ui.WebDriverWait.timeoutException(WebDriverWait.java:85)
at org.openqa.selenium.support.ui.FluentWait.until(FluentWait.java:234)
at stepDef.HomeStepDef.user_should_able_to_see_data_related_to_it_with_expected_text(HomeStepDef.java:109)
at ✽.User Should able to see data related to it with expected text "Manx"(file:///C:/Users/SA20696539/git/SDET-capstoneproject/JpetCapstone/src/test/java/features/03_JpetHome.feature:21)
]]>
    </failure>
  </testcase> <!-- runScenario -->
  <testcase classname="io.cucumber.testng.AbstractTestNGCucumberTests" name="runScenario" time="52.212">
    <failure type="org.openqa.selenium.TimeoutException" message="Expected condition failed: waiting for element found by By.tagName: body to contain text &amp;quot;Bulldog&amp;quot;. Current text: &amp;quot;SAMPLE APPS
GET INVOLVED
MONITORING
A FULL-STACK SAMPLE WEB APPLICATION BUILT ON TOP OF ASPECTRAN AND MYBATIS
JPetStore Demo
The goal of the JPetStore Demo App is to provide and demonstrate a sample web application that leverages Aspectran and MyBatis.
Sample Apps
JPetStore Demo
Fish
Dogs
Reptiles
Cats
Birds
AppMon
?
0 My Orders
Search Results for &amp;quot;dogs&amp;quot;
Return to Main Menu
Product ID Name Description
aspectran.com
mybatis.org
ABOUT ASPECTRAN
Aspectran is a lightweight, high‑performance framework for building both simple shell applications and large enterprise web services on the JVM.
GET INVOLVED
GitHub
Copyright © 2008-present The Aspectran Project
Powered by Aspectran 9.6.1-SNAPSHOT&amp;quot;.
(tried for 10 seconds with 500 milliseconds interval)
Build info: version: &amp;apos;4.44.0&amp;apos;, revision: &amp;apos;da2039b&amp;apos;
System info: os.name: &amp;apos;Windows 11&amp;apos;, os.arch: &amp;apos;amd64&amp;apos;, os.version: &amp;apos;10.0&amp;apos;, java.version: &amp;apos;21.0.1&amp;apos;
Driver info: org.openqa.selenium.edge.EdgeDriver
Capabilities {acceptInsecureCerts: false, browserName: MicrosoftEdge, browserVersion: 150.0.4078.48, fedcm:accounts: true, goog:processID: 28568, ms:edgeOptions: {debuggerAddress: localhost:53330}, msedge: {msedgedriverVersion: 150.0.4078.65 (7e26d29c1de8..., userDataDir: C:\Users\SA2069~1\AppData\L...}, networkConnectionEnabled: false, pageLoadStrategy: normal, platformName: windows, proxy: Proxy(), se:cdp: ws://localhost:53330/devtoo..., se:cdpVersion: 150.0.4078.48, setWindowRect: true, strictFileInteractability: false, timeouts: {implicit: 0, pageLoad: 300000, script: 30000}, unhandledPromptBehavior: dismiss and notify, webauthn:extension:credBlob: true, webauthn:extension:largeBlob: true, webauthn:extension:minPinLength: true, webauthn:extension:prf: true, webauthn:virtualAuthenticators: true}
Session ID: 07fb50e64c70b4793a91b8cb4d29224d">
      <![CDATA[org.openqa.selenium.TimeoutException: Expected condition failed: waiting for element found by By.tagName: body to contain text "Bulldog". Current text: "SAMPLE APPS
GET INVOLVED
MONITORING
A FULL-STACK SAMPLE WEB APPLICATION BUILT ON TOP OF ASPECTRAN AND MYBATIS
JPetStore Demo
The goal of the JPetStore Demo App is to provide and demonstrate a sample web application that leverages Aspectran and MyBatis.
Sample Apps
JPetStore Demo
Fish
Dogs
Reptiles
Cats
Birds
AppMon
?
0 My Orders
Search Results for "dogs"
Return to Main Menu
Product ID Name Description
aspectran.com
mybatis.org
ABOUT ASPECTRAN
Aspectran is a lightweight, high‑performance framework for building both simple shell applications and large enterprise web services on the JVM.
GET INVOLVED
GitHub
Copyright © 2008-present The Aspectran Project
Powered by Aspectran 9.6.1-SNAPSHOT".
(tried for 10 seconds with 500 milliseconds interval)
Build info: version: '4.44.0', revision: 'da2039b'
System info: os.name: 'Windows 11', os.arch: 'amd64', os.version: '10.0', java.version: '21.0.1'
Driver info: org.openqa.selenium.edge.EdgeDriver
Capabilities {acceptInsecureCerts: false, browserName: MicrosoftEdge, browserVersion: 150.0.4078.48, fedcm:accounts: true, goog:processID: 28568, ms:edgeOptions: {debuggerAddress: localhost:53330}, msedge: {msedgedriverVersion: 150.0.4078.65 (7e26d29c1de8..., userDataDir: C:\Users\SA2069~1\AppData\L...}, networkConnectionEnabled: false, pageLoadStrategy: normal, platformName: windows, proxy: Proxy(), se:cdp: ws://localhost:53330/devtoo..., se:cdpVersion: 150.0.4078.48, setWindowRect: true, strictFileInteractability: false, timeouts: {implicit: 0, pageLoad: 300000, script: 30000}, unhandledPromptBehavior: dismiss and notify, webauthn:extension:credBlob: true, webauthn:extension:largeBlob: true, webauthn:extension:minPinLength: true, webauthn:extension:prf: true, webauthn:virtualAuthenticators: true}
Session ID: 07fb50e64c70b4793a91b8cb4d29224d
at org.openqa.selenium.support.ui.WebDriverWait.timeoutException(WebDriverWait.java:85)
at org.openqa.selenium.support.ui.FluentWait.until(FluentWait.java:234)
at stepDef.HomeStepDef.user_should_able_to_see_data_related_to_it_with_expected_text(HomeStepDef.java:109)
at ✽.User Should able to see data related to it with expected text "Bulldog"(file:///C:/Users/SA20696539/git/SDET-capstoneproject/JpetCapstone/src/test/java/features/03_JpetHome.feature:21)
]]>
    </failure>
  </testcase> <!-- runScenario -->
  <testcase classname="io.cucumber.testng.AbstractTestNGCucumberTests" name="runScenario" time="52.015">
    <failure type="org.openqa.selenium.TimeoutException" message="Expected condition failed: waiting for element found by By.tagName: body to contain text &amp;quot;Rattlesnake&amp;quot;. Current text: &amp;quot;SAMPLE APPS
GET INVOLVED
MONITORING
A FULL-STACK SAMPLE WEB APPLICATION BUILT ON TOP OF ASPECTRAN AND MYBATIS
JPetStore Demo
The goal of the JPetStore Demo App is to provide and demonstrate a sample web application that leverages Aspectran and MyBatis.
Sample Apps
JPetStore Demo
Fish
Dogs
Reptiles
Cats
Birds
AppMon
?
0 My Orders
Search Results for &amp;quot;reptiles&amp;quot;
Return to Main Menu
Product ID Name Description
aspectran.com
mybatis.org
ABOUT ASPECTRAN
Aspectran is a lightweight, high‑performance framework for building both simple shell applications and large enterprise web services on the JVM.
GET INVOLVED
GitHub
Copyright © 2008-present The Aspectran Project
Powered by Aspectran 9.6.1-SNAPSHOT&amp;quot;.
(tried for 10 seconds with 500 milliseconds interval)
Build info: version: &amp;apos;4.44.0&amp;apos;, revision: &amp;apos;da2039b&amp;apos;
System info: os.name: &amp;apos;Windows 11&amp;apos;, os.arch: &amp;apos;amd64&amp;apos;, os.version: &amp;apos;10.0&amp;apos;, java.version: &amp;apos;21.0.1&amp;apos;
Driver info: org.openqa.selenium.edge.EdgeDriver
Capabilities {acceptInsecureCerts: false, browserName: MicrosoftEdge, browserVersion: 150.0.4078.48, fedcm:accounts: true, goog:processID: 15492, ms:edgeOptions: {debuggerAddress: localhost:63415}, msedge: {msedgedriverVersion: 150.0.4078.65 (7e26d29c1de8..., userDataDir: C:\Users\SA2069~1\AppData\L...}, networkConnectionEnabled: false, pageLoadStrategy: normal, platformName: windows, proxy: Proxy(), se:cdp: ws://localhost:63415/devtoo..., se:cdpVersion: 150.0.4078.48, setWindowRect: true, strictFileInteractability: false, timeouts: {implicit: 0, pageLoad: 300000, script: 30000}, unhandledPromptBehavior: dismiss and notify, webauthn:extension:credBlob: true, webauthn:extension:largeBlob: true, webauthn:extension:minPinLength: true, webauthn:extension:prf: true, webauthn:virtualAuthenticators: true}
Session ID: 2af407c7f5b307d115b40fab4be77af4">
      <![CDATA[org.openqa.selenium.TimeoutException: Expected condition failed: waiting for element found by By.tagName: body to contain text "Rattlesnake". Current text: "SAMPLE APPS
GET INVOLVED
MONITORING
A FULL-STACK SAMPLE WEB APPLICATION BUILT ON TOP OF ASPECTRAN AND MYBATIS
JPetStore Demo
The goal of the JPetStore Demo App is to provide and demonstrate a sample web application that leverages Aspectran and MyBatis.
Sample Apps
JPetStore Demo
Fish
Dogs
Reptiles
Cats
Birds
AppMon
?
0 My Orders
Search Results for "reptiles"
Return to Main Menu
Product ID Name Description
aspectran.com
mybatis.org
ABOUT ASPECTRAN
Aspectran is a lightweight, high‑performance framework for building both simple shell applications and large enterprise web services on the JVM.
GET INVOLVED
GitHub
Copyright © 2008-present The Aspectran Project
Powered by Aspectran 9.6.1-SNAPSHOT".
(tried for 10 seconds with 500 milliseconds interval)
Build info: version: '4.44.0', revision: 'da2039b'
System info: os.name: 'Windows 11', os.arch: 'amd64', os.version: '10.0', java.version: '21.0.1'
Driver info: org.openqa.selenium.edge.EdgeDriver
Capabilities {acceptInsecureCerts: false, browserName: MicrosoftEdge, browserVersion: 150.0.4078.48, fedcm:accounts: true, goog:processID: 15492, ms:edgeOptions: {debuggerAddress: localhost:63415}, msedge: {msedgedriverVersion: 150.0.4078.65 (7e26d29c1de8..., userDataDir: C:\Users\SA2069~1\AppData\L...}, networkConnectionEnabled: false, pageLoadStrategy: normal, platformName: windows, proxy: Proxy(), se:cdp: ws://localhost:63415/devtoo..., se:cdpVersion: 150.0.4078.48, setWindowRect: true, strictFileInteractability: false, timeouts: {implicit: 0, pageLoad: 300000, script: 30000}, unhandledPromptBehavior: dismiss and notify, webauthn:extension:credBlob: true, webauthn:extension:largeBlob: true, webauthn:extension:minPinLength: true, webauthn:extension:prf: true, webauthn:virtualAuthenticators: true}
Session ID: 2af407c7f5b307d115b40fab4be77af4
at org.openqa.selenium.support.ui.WebDriverWait.timeoutException(WebDriverWait.java:85)
at org.openqa.selenium.support.ui.FluentWait.until(FluentWait.java:234)
at stepDef.HomeStepDef.user_should_able_to_see_data_related_to_it_with_expected_text(HomeStepDef.java:109)
at ✽.User Should able to see data related to it with expected text "Rattlesnake"(file:///C:/Users/SA20696539/git/SDET-capstoneproject/JpetCapstone/src/test/java/features/03_JpetHome.feature:21)
]]>
    </failure>
  </testcase> <!-- runScenario -->
  <testcase classname="io.cucumber.testng.AbstractTestNGCucumberTests" name="runScenario" time="35.47"/>
  <testcase classname="io.cucumber.testng.AbstractTestNGCucumberTests" name="runScenario" time="29.323"/>
  <testcase classname="io.cucumber.testng.AbstractTestNGCucumberTests" name="runScenario" time="74.663">
    <failure type="org.openqa.selenium.WebDriverException" message="unknown error: net::ERR_CONNECTION_CLOSED
  (Session info: MicrosoftEdge=150.0.4078.48)
Build info: version: &amp;apos;4.44.0&amp;apos;, revision: &amp;apos;da2039b&amp;apos;
System info: os.name: &amp;apos;Windows 11&amp;apos;, os.arch: &amp;apos;amd64&amp;apos;, os.version: &amp;apos;10.0&amp;apos;, java.version: &amp;apos;21.0.1&amp;apos;
Driver info: org.openqa.selenium.edge.EdgeDriver
Command: [3e2bd9190a8797a4285ecf7309c83e64, get {url=https://jpetstore.aspectran.com/}]
Capabilities {acceptInsecureCerts: false, browserName: MicrosoftEdge, browserVersion: 150.0.4078.48, fedcm:accounts: true, goog:processID: 48912, ms:edgeOptions: {debuggerAddress: localhost:56425}, msedge: {msedgedriverVersion: 150.0.4078.65 (7e26d29c1de8..., userDataDir: C:\Users\SA2069~1\AppData\L...}, networkConnectionEnabled: false, pageLoadStrategy: normal, platformName: windows, proxy: Proxy(), se:cdp: ws://localhost:56425/devtoo..., se:cdpVersion: 150.0.4078.48, setWindowRect: true, strictFileInteractability: false, timeouts: {implicit: 0, pageLoad: 300000, script: 30000}, unhandledPromptBehavior: dismiss and notify, webauthn:extension:credBlob: true, webauthn:extension:largeBlob: true, webauthn:extension:minPinLength: true, webauthn:extension:prf: true, webauthn:virtualAuthenticators: true}
Session ID: 3e2bd9190a8797a4285ecf7309c83e64">
      <![CDATA[org.openqa.selenium.WebDriverException: unknown error: net::ERR_CONNECTION_CLOSED
  (Session info: MicrosoftEdge=150.0.4078.48)
Build info: version: '4.44.0', revision: 'da2039b'
System info: os.name: 'Windows 11', os.arch: 'amd64', os.version: '10.0', java.version: '21.0.1'
Driver info: org.openqa.selenium.edge.EdgeDriver
Command: [3e2bd9190a8797a4285ecf7309c83e64, get {url=https://jpetstore.aspectran.com/}]
Capabilities {acceptInsecureCerts: false, browserName: MicrosoftEdge, browserVersion: 150.0.4078.48, fedcm:accounts: true, goog:processID: 48912, ms:edgeOptions: {debuggerAddress: localhost:56425}, msedge: {msedgedriverVersion: 150.0.4078.65 (7e26d29c1de8..., userDataDir: C:\Users\SA2069~1\AppData\L...}, networkConnectionEnabled: false, pageLoadStrategy: normal, platformName: windows, proxy: Proxy(), se:cdp: ws://localhost:56425/devtoo..., se:cdpVersion: 150.0.4078.48, setWindowRect: true, strictFileInteractability: false, timeouts: {implicit: 0, pageLoad: 300000, script: 30000}, unhandledPromptBehavior: dismiss and notify, webauthn:extension:credBlob: true, webauthn:extension:largeBlob: true, webauthn:extension:minPinLength: true, webauthn:extension:prf: true, webauthn:virtualAuthenticators: true}
Session ID: 3e2bd9190a8797a4285ecf7309c83e64
at org.openqa.selenium.remote.ErrorCodec.decode(ErrorCodec.java:169)
at org.openqa.selenium.remote.codec.w3c.W3CHttpResponseCodec.decode(W3CHttpResponseCodec.java:143)
at org.openqa.selenium.remote.codec.w3c.W3CHttpResponseCodec.decode(W3CHttpResponseCodec.java:50)
at org.openqa.selenium.remote.HttpCommandExecutor.execute(HttpCommandExecutor.java:224)
at org.openqa.selenium.remote.service.DriverCommandExecutor.invokeExecute(DriverCommandExecutor.java:217)
at org.openqa.selenium.remote.service.DriverCommandExecutor.execute(DriverCommandExecutor.java:175)
at org.openqa.selenium.remote.RemoteWebDriver.execute(RemoteWebDriver.java:600)
at org.openqa.selenium.remote.RemoteWebDriver.get(RemoteWebDriver.java:366)
at stepDef.AddtoCartStepDef.user_is_logged_in(AddtoCartStepDef.java:42)
at ✽.user is logged in(file:///C:/Users/SA20696539/git/SDET-capstoneproject/JpetCapstone/src/test/java/features/04_JpetCart.feature:5)
]]>
    </failure>
  </testcase> <!-- runScenario -->
  <testcase classname="io.cucumber.testng.AbstractTestNGCucumberTests" name="runScenario" time="93.914"/>
  <testcase classname="io.cucumber.testng.AbstractTestNGCucumberTests" name="runScenario" time="66.586"/>
  <testcase classname="io.cucumber.testng.AbstractTestNGCucumberTests" name="runScenario" time="65.792"/>
  <testcase classname="io.cucumber.testng.AbstractTestNGCucumberTests" name="runScenario" time="95.198"/>
  <testcase classname="io.cucumber.testng.AbstractTestNGCucumberTests" name="runScenario" time="94.357">
    <failure type="org.openqa.selenium.NoSuchElementException" message="no such element: Unable to locate element: {&amp;quot;method&amp;quot;:&amp;quot;link text&amp;quot;,&amp;quot;selector&amp;quot;:&amp;quot;Return to Main Menu&amp;quot;}
  (Session info: MicrosoftEdge=150.0.4078.48)
For documentation on this error, please visit: https://www.selenium.dev/documentation/webdriver/troubleshooting/errors#nosuchelementexception
Build info: version: &amp;apos;4.44.0&amp;apos;, revision: &amp;apos;da2039b&amp;apos;
System info: os.name: &amp;apos;Windows 11&amp;apos;, os.arch: &amp;apos;amd64&amp;apos;, os.version: &amp;apos;10.0&amp;apos;, java.version: &amp;apos;21.0.1&amp;apos;
Driver info: org.openqa.selenium.edge.EdgeDriver
Command: [d715b7070beccc60c710d93dc988719b, findElement {value=Return to Main Menu, using=link text}]
Capabilities {acceptInsecureCerts: false, browserName: MicrosoftEdge, browserVersion: 150.0.4078.48, fedcm:accounts: true, goog:processID: 40908, ms:edgeOptions: {debuggerAddress: localhost:61241}, msedge: {msedgedriverVersion: 150.0.4078.65 (7e26d29c1de8..., userDataDir: C:\Users\SA2069~1\AppData\L...}, networkConnectionEnabled: false, pageLoadStrategy: normal, platformName: windows, proxy: Proxy(), se:cdp: ws://localhost:61241/devtoo..., se:cdpVersion: 150.0.4078.48, setWindowRect: true, strictFileInteractability: false, timeouts: {implicit: 0, pageLoad: 300000, script: 30000}, unhandledPromptBehavior: dismiss and notify, webauthn:extension:credBlob: true, webauthn:extension:largeBlob: true, webauthn:extension:minPinLength: true, webauthn:extension:prf: true, webauthn:virtualAuthenticators: true}
Session ID: d715b7070beccc60c710d93dc988719b">
      <![CDATA[org.openqa.selenium.NoSuchElementException: no such element: Unable to locate element: {"method":"link text","selector":"Return to Main Menu"}
  (Session info: MicrosoftEdge=150.0.4078.48)
For documentation on this error, please visit: https://www.selenium.dev/documentation/webdriver/troubleshooting/errors#nosuchelementexception
Build info: version: '4.44.0', revision: 'da2039b'
System info: os.name: 'Windows 11', os.arch: 'amd64', os.version: '10.0', java.version: '21.0.1'
Driver info: org.openqa.selenium.edge.EdgeDriver
Command: [d715b7070beccc60c710d93dc988719b, findElement {value=Return to Main Menu, using=link text}]
Capabilities {acceptInsecureCerts: false, browserName: MicrosoftEdge, browserVersion: 150.0.4078.48, fedcm:accounts: true, goog:processID: 40908, ms:edgeOptions: {debuggerAddress: localhost:61241}, msedge: {msedgedriverVersion: 150.0.4078.65 (7e26d29c1de8..., userDataDir: C:\Users\SA2069~1\AppData\L...}, networkConnectionEnabled: false, pageLoadStrategy: normal, platformName: windows, proxy: Proxy(), se:cdp: ws://localhost:61241/devtoo..., se:cdpVersion: 150.0.4078.48, setWindowRect: true, strictFileInteractability: false, timeouts: {implicit: 0, pageLoad: 300000, script: 30000}, unhandledPromptBehavior: dismiss and notify, webauthn:extension:credBlob: true, webauthn:extension:largeBlob: true, webauthn:extension:minPinLength: true, webauthn:extension:prf: true, webauthn:virtualAuthenticators: true}
Session ID: d715b7070beccc60c710d93dc988719b
at org.openqa.selenium.remote.ErrorCodec.decode(ErrorCodec.java:169)
at org.openqa.selenium.remote.codec.w3c.W3CHttpResponseCodec.decode(W3CHttpResponseCodec.java:143)
at org.openqa.selenium.remote.codec.w3c.W3CHttpResponseCodec.decode(W3CHttpResponseCodec.java:50)
at org.openqa.selenium.remote.HttpCommandExecutor.execute(HttpCommandExecutor.java:224)
at org.openqa.selenium.remote.service.DriverCommandExecutor.invokeExecute(DriverCommandExecutor.java:217)
at org.openqa.selenium.remote.service.DriverCommandExecutor.execute(DriverCommandExecutor.java:175)
at org.openqa.selenium.remote.RemoteWebDriver.execute(RemoteWebDriver.java:600)
at org.openqa.selenium.remote.ElementLocation$ElementFinder$2.findElement(ElementLocation.java:173)
at org.openqa.selenium.remote.ElementLocation.findElement(ElementLocation.java:60)
at org.openqa.selenium.remote.RemoteWebDriver.findElement(RemoteWebDriver.java:421)
at org.openqa.selenium.remote.RemoteWebDriver.findElement(RemoteWebDriver.java:415)
at pages.JpetCartPage.clickReturnToMainMenu(JpetCartPage.java:132)
at stepDef.AddtoCartStepDef.user_returns_to_main_menu(AddtoCartStepDef.java:146)
at ✽.user returns to main menu(file:///C:/Users/SA20696539/git/SDET-capstoneproject/JpetCapstone/src/test/java/features/04_JpetCart.feature:60)
]]>
    </failure>
  </testcase> <!-- runScenario -->
  <testcase classname="io.cucumber.testng.AbstractTestNGCucumberTests" name="runScenario" time="100.067">
    <failure type="java.lang.IndexOutOfBoundsException" message="Index 0 out of bounds for length 0">
      <![CDATA[java.lang.IndexOutOfBoundsException: Index 0 out of bounds for length 0
at java.base/jdk.internal.util.Preconditions.outOfBounds(Preconditions.java:100)
at java.base/jdk.internal.util.Preconditions.outOfBoundsCheckIndex(Preconditions.java:106)
at java.base/jdk.internal.util.Preconditions.checkIndex(Preconditions.java:302)
at java.base/java.util.Objects.checkIndex(Objects.java:385)
at java.base/java.util.ArrayList.get(ArrayList.java:427)
at java.base/jdk.internal.reflect.DirectMethodHandleAccessor.invoke(DirectMethodHandleAccessor.java:103)
at java.base/java.lang.reflect.Method.invoke(Method.java:580)
at org.openqa.selenium.support.pagefactory.internal.LocatingElementListHandler.invoke(LocatingElementListHandler.java:39)
at jdk.proxy2/jdk.proxy2.$Proxy29.get(Unknown Source)
at pages.JpetProductPage.addFirstItemToCart(JpetProductPage.java:45)
at stepDef.CheckoutStepDef.user_has_1_item_in_cart(CheckoutStepDef.java:58)
at ✽.user has 1 item in cart(file:///C:/Users/SA20696539/git/SDET-capstoneproject/JpetCapstone/src/test/java/features/05_JpetCheckout.feature:6)
]]>
    </failure>
  </testcase> <!-- runScenario -->
  <testcase classname="io.cucumber.testng.AbstractTestNGCucumberTests" name="runScenario" time="106.044">
    <failure type="java.lang.IndexOutOfBoundsException" message="Index 0 out of bounds for length 0">
      <![CDATA[java.lang.IndexOutOfBoundsException: Index 0 out of bounds for length 0
at java.base/jdk.internal.util.Preconditions.outOfBounds(Preconditions.java:100)
at java.base/jdk.internal.util.Preconditions.outOfBoundsCheckIndex(Preconditions.java:106)
at java.base/jdk.internal.util.Preconditions.checkIndex(Preconditions.java:302)
at java.base/java.util.Objects.checkIndex(Objects.java:385)
at java.base/java.util.ArrayList.get(ArrayList.java:427)
at java.base/jdk.internal.reflect.DirectMethodHandleAccessor.invoke(DirectMethodHandleAccessor.java:103)
at java.base/java.lang.reflect.Method.invoke(Method.java:580)
at org.openqa.selenium.support.pagefactory.internal.LocatingElementListHandler.invoke(LocatingElementListHandler.java:39)
at jdk.proxy2/jdk.proxy2.$Proxy29.get(Unknown Source)
at pages.JpetProductPage.addFirstItemToCart(JpetProductPage.java:45)
at stepDef.AddtoCartStepDef.user_adds_product_to_cart(AddtoCartStepDef.java:136)
at ✽.user adds "Dogs" product to cart(file:///C:/Users/SA20696539/git/SDET-capstoneproject/JpetCapstone/src/test/java/features/04_JpetCart.feature:43)
]]>
    </failure>
  </testcase> <!-- runScenario -->
  <testcase classname="io.cucumber.testng.AbstractTestNGCucumberTests" name="runScenario" time="113.816">
    <failure type="org.openqa.selenium.NoSuchElementException" message="no such element: Unable to locate element: {&amp;quot;method&amp;quot;:&amp;quot;css selector&amp;quot;,&amp;quot;selector&amp;quot;:&amp;quot;*[name=&amp;apos;username&amp;apos;]&amp;quot;}
  (Session info: MicrosoftEdge=150.0.4078.48)
For documentation on this error, please visit: https://www.selenium.dev/documentation/webdriver/troubleshooting/errors#nosuchelementexception
Build info: version: &amp;apos;4.44.0&amp;apos;, revision: &amp;apos;da2039b&amp;apos;
System info: os.name: &amp;apos;Windows 11&amp;apos;, os.arch: &amp;apos;amd64&amp;apos;, os.version: &amp;apos;10.0&amp;apos;, java.version: &amp;apos;21.0.1&amp;apos;
Driver info: org.openqa.selenium.edge.EdgeDriver
Command: [d7d8e795a70f71ad582ffb9c9b17b54a, findElement {value=username, using=name}]
Capabilities {acceptInsecureCerts: false, browserName: MicrosoftEdge, browserVersion: 150.0.4078.48, fedcm:accounts: true, goog:processID: 37788, ms:edgeOptions: {debuggerAddress: localhost:60831}, msedge: {msedgedriverVersion: 150.0.4078.65 (7e26d29c1de8..., userDataDir: C:\Users\SA2069~1\AppData\L...}, networkConnectionEnabled: false, pageLoadStrategy: normal, platformName: windows, proxy: Proxy(), se:cdp: ws://localhost:60831/devtoo..., se:cdpVersion: 150.0.4078.48, setWindowRect: true, strictFileInteractability: false, timeouts: {implicit: 0, pageLoad: 300000, script: 30000}, unhandledPromptBehavior: dismiss and notify, webauthn:extension:credBlob: true, webauthn:extension:largeBlob: true, webauthn:extension:minPinLength: true, webauthn:extension:prf: true, webauthn:virtualAuthenticators: true}
Session ID: d7d8e795a70f71ad582ffb9c9b17b54a">
      <![CDATA[org.openqa.selenium.NoSuchElementException: no such element: Unable to locate element: {"method":"css selector","selector":"*[name='username']"}
  (Session info: MicrosoftEdge=150.0.4078.48)
For documentation on this error, please visit: https://www.selenium.dev/documentation/webdriver/troubleshooting/errors#nosuchelementexception
Build info: version: '4.44.0', revision: 'da2039b'
System info: os.name: 'Windows 11', os.arch: 'amd64', os.version: '10.0', java.version: '21.0.1'
Driver info: org.openqa.selenium.edge.EdgeDriver
Command: [d7d8e795a70f71ad582ffb9c9b17b54a, findElement {value=username, using=name}]
Capabilities {acceptInsecureCerts: false, browserName: MicrosoftEdge, browserVersion: 150.0.4078.48, fedcm:accounts: true, goog:processID: 37788, ms:edgeOptions: {debuggerAddress: localhost:60831}, msedge: {msedgedriverVersion: 150.0.4078.65 (7e26d29c1de8..., userDataDir: C:\Users\SA2069~1\AppData\L...}, networkConnectionEnabled: false, pageLoadStrategy: normal, platformName: windows, proxy: Proxy(), se:cdp: ws://localhost:60831/devtoo..., se:cdpVersion: 150.0.4078.48, setWindowRect: true, strictFileInteractability: false, timeouts: {implicit: 0, pageLoad: 300000, script: 30000}, unhandledPromptBehavior: dismiss and notify, webauthn:extension:credBlob: true, webauthn:extension:largeBlob: true, webauthn:extension:minPinLength: true, webauthn:extension:prf: true, webauthn:virtualAuthenticators: true}
Session ID: d7d8e795a70f71ad582ffb9c9b17b54a
at org.openqa.selenium.remote.ErrorCodec.decode(ErrorCodec.java:169)
at org.openqa.selenium.remote.codec.w3c.W3CHttpResponseCodec.decode(W3CHttpResponseCodec.java:143)
at org.openqa.selenium.remote.codec.w3c.W3CHttpResponseCodec.decode(W3CHttpResponseCodec.java:50)
at org.openqa.selenium.remote.HttpCommandExecutor.execute(HttpCommandExecutor.java:224)
at org.openqa.selenium.remote.service.DriverCommandExecutor.invokeExecute(DriverCommandExecutor.java:217)
at org.openqa.selenium.remote.service.DriverCommandExecutor.execute(DriverCommandExecutor.java:175)
at org.openqa.selenium.remote.RemoteWebDriver.execute(RemoteWebDriver.java:600)
at org.openqa.selenium.remote.ElementLocation$ElementFinder$2.findElement(ElementLocation.java:173)
at org.openqa.selenium.remote.ElementLocation.findElement(ElementLocation.java:67)
at org.openqa.selenium.remote.RemoteWebDriver.findElement(RemoteWebDriver.java:421)
at org.openqa.selenium.remote.RemoteWebDriver.findElement(RemoteWebDriver.java:415)
at pages.JpetLoginPage.username(JpetLoginPage.java:30)
at stepDef.AddtoCartStepDef.user_is_logged_in(AddtoCartStepDef.java:48)
at ✽.user is logged in(file:///C:/Users/SA20696539/git/SDET-capstoneproject/JpetCapstone/src/test/java/features/04_JpetCart.feature:5)
]]>
    </failure>
  </testcase> <!-- runScenario -->
  <testcase classname="io.cucumber.testng.AbstractTestNGCucumberTests" name="runScenario" time="115.343">
    <failure type="java.lang.IndexOutOfBoundsException" message="Index 0 out of bounds for length 0">
      <![CDATA[java.lang.IndexOutOfBoundsException: Index 0 out of bounds for length 0
at java.base/jdk.internal.util.Preconditions.outOfBounds(Preconditions.java:100)
at java.base/jdk.internal.util.Preconditions.outOfBoundsCheckIndex(Preconditions.java:106)
at java.base/jdk.internal.util.Preconditions.checkIndex(Preconditions.java:302)
at java.base/java.util.Objects.checkIndex(Objects.java:385)
at java.base/java.util.ArrayList.get(ArrayList.java:427)
at java.base/jdk.internal.reflect.DirectMethodHandleAccessor.invoke(DirectMethodHandleAccessor.java:103)
at java.base/java.lang.reflect.Method.invoke(Method.java:580)
at org.openqa.selenium.support.pagefactory.internal.LocatingElementListHandler.invoke(LocatingElementListHandler.java:39)
at jdk.proxy2/jdk.proxy2.$Proxy29.get(Unknown Source)
at pages.JpetProductPage.addFirstItemToCart(JpetProductPage.java:45)
at stepDef.AddtoCartStepDef.user_adds_product_to_cart(AddtoCartStepDef.java:136)
at ✽.user adds "Fish" product to cart(file:///C:/Users/SA20696539/git/SDET-capstoneproject/JpetCapstone/src/test/java/features/04_JpetCart.feature:16)
]]>
    </failure>
  </testcase> <!-- runScenario -->
  <testcase classname="io.cucumber.testng.AbstractTestNGCucumberTests" name="runScenario" time="26.574"/>
  <testcase classname="io.cucumber.testng.AbstractTestNGCucumberTests" name="runScenario" time="10.937"/>
  <testcase classname="io.cucumber.testng.AbstractTestNGCucumberTests" name="runScenario" time="41.881"/>
  <testcase classname="io.cucumber.testng.AbstractTestNGCucumberTests" name="runScenario" time="41.913"/>
  <testcase classname="io.cucumber.testng.AbstractTestNGCucumberTests" name="runScenario" time="44.256"/>
  <testcase classname="io.cucumber.testng.AbstractTestNGCucumberTests" name="runScenario" time="46.272"/>
</testsuite> <!-- Default test -->
