<?xml version="1.0" encoding="UTF-8"?>
<!-- Generated by org.testng.reporters.JUnitReportReporter -->
<testsuite hostname="APL-6JSJTH4" failures="2" tests="33" name="runner.JpetRunner" time="1873.663" errors="6" timestamp="2026-07-08T17:44:28 IST" skipped="0">
  <testcase classname="runner.JpetRunner" name="runScenario" time="65.616"/>
  <testcase classname="runner.JpetRunner" name="runScenario" time="49.751"/>
  <testcase classname="runner.JpetRunner" name="runScenario" time="58.569"/>
  <testcase classname="runner.JpetRunner" name="runScenario" time="48.530">
    <failure type="junit.framework.AssertionFailedError">
      <![CDATA[junit.framework.AssertionFailedError
at junit.framework.Assert.fail(Assert.java:55)
at junit.framework.Assert.assertTrue(Assert.java:22)
at junit.framework.Assert.assertTrue(Assert.java:31)
at stepDef.LoginAndLogoutStepDef.they_should_see_an_error_message(LoginAndLogoutStepDef.java:138)
at ✽.they should see an error message "Enter username"(file:///C:/Users/SA20696539/git/SDET-capstoneproject/JpetCapstone/src/test/java/features/02_JpetLoginAndLogout.feature:18)
]]>
    </failure>
  </testcase> <!-- runScenario -->
  <testcase classname="runner.JpetRunner" name="runScenario" time="46.592"/>
  <testcase classname="runner.JpetRunner" name="runScenario" time="60.635">
    <error message="stale element reference: stale element not found in the current frame
  (Session info: MicrosoftEdge=150.0.4078.48)
For documentation on this error, please visit: https://www.selenium.dev/documentation/webdriver/troubleshooting/errors#staleelementreferenceexception
Build info: version: &#039;4.44.0&#039;, revision: &#039;da2039b&#039;
System info: os.name: &#039;Windows 11&#039;, os.arch: &#039;amd64&#039;, os.version: &#039;10.0&#039;, java.version: &#039;21.0.1&#039;
Driver info: org.openqa.selenium.edge.EdgeDriver
Command: [50dda8399d88a9ed8f9309c49d243d11, getElementAttribute {name=value, id=f.6F59E039756BB32932DA16DCA8630776.d.9963B57C16CFE98BB9C6886FB0C9E10B.e.189}]
Capabilities {acceptInsecureCerts: false, browserName: MicrosoftEdge, browserVersion: 150.0.4078.48, fedcm:accounts: true, goog:processID: 38576, ms:edgeOptions: {debuggerAddress: localhost:51362}, msedge: {msedgedriverVersion: 150.0.4078.48 (6362dfa84aa4..., userDataDir: C:\Users\SA2069~1\AppData\L...}, networkConnectionEnabled: false, pageLoadStrategy: normal, platformName: windows, proxy: Proxy(), se:cdp: ws://localhost:51362/devtoo..., se:cdpVersion: 150.0.4078.48, setWindowRect: true, strictFileInteractability: false, timeouts: {implicit: 0, pageLoad: 300000, script: 30000}, unhandledPromptBehavior: dismiss and notify, webauthn:extension:credBlob: true, webauthn:extension:largeBlob: true, webauthn:extension:minPinLength: true, webauthn:extension:prf: true, webauthn:virtualAuthenticators: true}
Element: [[EdgeDriver: MicrosoftEdge on windows (50dda8399d88a9ed8f9309c49d243d11)] -&gt; xpath: //input[@type=&#039;number&#039;]]
Session ID: 50dda8399d88a9ed8f9309c49d243d11" type="org.openqa.selenium.StaleElementReferenceException">
      <![CDATA[org.openqa.selenium.StaleElementReferenceException: stale element reference: stale element not found in the current frame
  (Session info: MicrosoftEdge=150.0.4078.48)
For documentation on this error, please visit: https://www.selenium.dev/documentation/webdriver/troubleshooting/errors#staleelementreferenceexception
Build info: version: '4.44.0', revision: 'da2039b'
System info: os.name: 'Windows 11', os.arch: 'amd64', os.version: '10.0', java.version: '21.0.1'
Driver info: org.openqa.selenium.edge.EdgeDriver
Command: [50dda8399d88a9ed8f9309c49d243d11, getElementAttribute {name=value, id=f.6F59E039756BB32932DA16DCA8630776.d.9963B57C16CFE98BB9C6886FB0C9E10B.e.189}]
Capabilities {acceptInsecureCerts: false, browserName: MicrosoftEdge, browserVersion: 150.0.4078.48, fedcm:accounts: true, goog:processID: 38576, ms:edgeOptions: {debuggerAddress: localhost:51362}, msedge: {msedgedriverVersion: 150.0.4078.48 (6362dfa84aa4..., userDataDir: C:\Users\SA2069~1\AppData\L...}, networkConnectionEnabled: false, pageLoadStrategy: normal, platformName: windows, proxy: Proxy(), se:cdp: ws://localhost:51362/devtoo..., se:cdpVersion: 150.0.4078.48, setWindowRect: true, strictFileInteractability: false, timeouts: {implicit: 0, pageLoad: 300000, script: 30000}, unhandledPromptBehavior: dismiss and notify, webauthn:extension:credBlob: true, webauthn:extension:largeBlob: true, webauthn:extension:minPinLength: true, webauthn:extension:prf: true, webauthn:virtualAuthenticators: true}
Element: [[EdgeDriver: MicrosoftEdge on windows (50dda8399d88a9ed8f9309c49d243d11)] -> xpath: //input[@type='number']]
Session ID: 50dda8399d88a9ed8f9309c49d243d11
at org.openqa.selenium.remote.ErrorCodec.decode(ErrorCodec.java:169)
at org.openqa.selenium.remote.codec.w3c.W3CHttpResponseCodec.decode(W3CHttpResponseCodec.java:143)
at org.openqa.selenium.remote.codec.w3c.W3CHttpResponseCodec.decode(W3CHttpResponseCodec.java:50)
at org.openqa.selenium.remote.HttpCommandExecutor.execute(HttpCommandExecutor.java:224)
at org.openqa.selenium.remote.service.DriverCommandExecutor.invokeExecute(DriverCommandExecutor.java:217)
at org.openqa.selenium.remote.service.DriverCommandExecutor.execute(DriverCommandExecutor.java:175)
at org.openqa.selenium.remote.RemoteWebDriver.execute(RemoteWebDriver.java:600)
at org.openqa.selenium.remote.RemoteWebElement.execute(RemoteWebElement.java:225)
at org.openqa.selenium.remote.RemoteWebElement.getAttribute(RemoteWebElement.java:151)
at pages.JpetCartPage.getQuantity(JpetCartPage.java:52)
at stepDef.AddtoCartStepDef.quantity_should_be_updated_to(AddtoCartStepDef.java:215)
at ✽.quantity should be updated to "4"(file:///C:/Users/SA20696539/git/SDET-capstoneproject/JpetCapstone/src/test/java/features/04_JpetCart.feature:65)
]]>
    </error>
  </testcase> <!-- runScenario -->
  <testcase classname="runner.JpetRunner" name="runScenario" time="68.837"/>
  <testcase classname="runner.JpetRunner" name="runScenario" time="37.271"/>
  <testcase classname="runner.JpetRunner" name="runScenario" time="61.313">
    <error message="Expected condition failed: waiting for element found by By.tagName: body to contain text &quot;Bulldog&quot;. Current text: &quot;SAMPLE APPS
GET INVOLVED
MONITORING
A FULL-STACK SAMPLE WEB APPLICATION BUILT ON TOP OF ASPECTRAN AND MYBATIS
JPetStore Demo
The goal of the JPetStore Demo App is to provide and demonstrate a sample web application that leverages Aspectran and MyBatis.
Sample Apps
JPetStore Demo
Fish
Dogs
Reptiles
Cats
Birds
AppMon
?
0 My Orders
Search Results for &quot;dogs&quot;
Return to Main Menu
Product ID Name Description
aspectran.com
mybatis.org
ABOUT ASPECTRAN
Aspectran is a lightweight, high‑performance framework for building both simple shell applications and large enterprise web services on the JVM.
GET INVOLVED
GitHub
Copyright © 2008-present The Aspectran Project
Powered by Aspectran 9.6.1-SNAPSHOT&quot;.
(tried for 10 seconds with 500 milliseconds interval)
Build info: version: &#039;4.44.0&#039;, revision: &#039;da2039b&#039;
System info: os.name: &#039;Windows 11&#039;, os.arch: &#039;amd64&#039;, os.version: &#039;10.0&#039;, java.version: &#039;21.0.1&#039;
Driver info: org.openqa.selenium.edge.EdgeDriver
Capabilities {acceptInsecureCerts: false, browserName: MicrosoftEdge, browserVersion: 150.0.4078.48, fedcm:accounts: true, goog:processID: 30928, ms:edgeOptions: {debuggerAddress: localhost:55281}, msedge: {msedgedriverVersion: 150.0.4078.48 (6362dfa84aa4..., userDataDir: C:\Users\SA2069~1\AppData\L...}, networkConnectionEnabled: false, pageLoadStrategy: normal, platformName: windows, proxy: Proxy(), se:cdp: ws://localhost:55281/devtoo..., se:cdpVersion: 150.0.4078.48, setWindowRect: true, strictFileInteractability: false, timeouts: {implicit: 0, pageLoad: 300000, script: 30000}, unhandledPromptBehavior: dismiss and notify, webauthn:extension:credBlob: true, webauthn:extension:largeBlob: true, webauthn:extension:minPinLength: true, webauthn:extension:prf: true, webauthn:virtualAuthenticators: true}
Session ID: 45bf3ec74f592bba46fecf2b23f96c9d" type="org.openqa.selenium.TimeoutException">
      <![CDATA[org.openqa.selenium.TimeoutException: Expected condition failed: waiting for element found by By.tagName: body to contain text "Bulldog". Current text: "SAMPLE APPS
GET INVOLVED
MONITORING
A FULL-STACK SAMPLE WEB APPLICATION BUILT ON TOP OF ASPECTRAN AND MYBATIS
JPetStore Demo
The goal of the JPetStore Demo App is to provide and demonstrate a sample web application that leverages Aspectran and MyBatis.
Sample Apps
JPetStore Demo
Fish
Dogs
Reptiles
Cats
Birds
AppMon
?
0 My Orders
Search Results for "dogs"
Return to Main Menu
Product ID Name Description
aspectran.com
mybatis.org
ABOUT ASPECTRAN
Aspectran is a lightweight, high‑performance framework for building both simple shell applications and large enterprise web services on the JVM.
GET INVOLVED
GitHub
Copyright © 2008-present The Aspectran Project
Powered by Aspectran 9.6.1-SNAPSHOT".
(tried for 10 seconds with 500 milliseconds interval)
Build info: version: '4.44.0', revision: 'da2039b'
System info: os.name: 'Windows 11', os.arch: 'amd64', os.version: '10.0', java.version: '21.0.1'
Driver info: org.openqa.selenium.edge.EdgeDriver
Capabilities {acceptInsecureCerts: false, browserName: MicrosoftEdge, browserVersion: 150.0.4078.48, fedcm:accounts: true, goog:processID: 30928, ms:edgeOptions: {debuggerAddress: localhost:55281}, msedge: {msedgedriverVersion: 150.0.4078.48 (6362dfa84aa4..., userDataDir: C:\Users\SA2069~1\AppData\L...}, networkConnectionEnabled: false, pageLoadStrategy: normal, platformName: windows, proxy: Proxy(), se:cdp: ws://localhost:55281/devtoo..., se:cdpVersion: 150.0.4078.48, setWindowRect: true, strictFileInteractability: false, timeouts: {implicit: 0, pageLoad: 300000, script: 30000}, unhandledPromptBehavior: dismiss and notify, webauthn:extension:credBlob: true, webauthn:extension:largeBlob: true, webauthn:extension:minPinLength: true, webauthn:extension:prf: true, webauthn:virtualAuthenticators: true}
Session ID: 45bf3ec74f592bba46fecf2b23f96c9d
at org.openqa.selenium.support.ui.WebDriverWait.timeoutException(WebDriverWait.java:85)
at org.openqa.selenium.support.ui.FluentWait.until(FluentWait.java:234)
at stepDef.HomeStepDef.user_should_able_to_see_data_related_to_it_with_expected_text(HomeStepDef.java:109)
at ✽.User Should able to see data related to it with expected text "Bulldog"(file:///C:/Users/SA20696539/git/SDET-capstoneproject/JpetCapstone/src/test/java/features/03_JpetHome.feature:21)
]]>
    </error>
  </testcase> <!-- runScenario -->
  <testcase classname="runner.JpetRunner" name="runScenario" time="48.529"/>
  <testcase classname="runner.JpetRunner" name="runScenario" time="67.248"/>
  <testcase classname="runner.JpetRunner" name="runScenario" time="69.833"/>
  <testcase classname="runner.JpetRunner" name="runScenario" time="48.557"/>
  <testcase classname="runner.JpetRunner" name="runScenario" time="62.713"/>
  <testcase classname="runner.JpetRunner" name="runScenario" time="62.440">
    <error message="Expected condition failed: waiting for element found by By.tagName: body to contain text &quot;Manx&quot;. Current text: &quot;SAMPLE APPS
GET INVOLVED
MONITORING
A FULL-STACK SAMPLE WEB APPLICATION BUILT ON TOP OF ASPECTRAN AND MYBATIS
JPetStore Demo
The goal of the JPetStore Demo App is to provide and demonstrate a sample web application that leverages Aspectran and MyBatis.
Sample Apps
JPetStore Demo
Fish
Dogs
Reptiles
Cats
Birds
AppMon
?
0 My Orders
Search Results for &quot;cats&quot;
Return to Main Menu
Product ID Name Description
aspectran.com
mybatis.org
ABOUT ASPECTRAN
Aspectran is a lightweight, high‑performance framework for building both simple shell applications and large enterprise web services on the JVM.
GET INVOLVED
GitHub
Copyright © 2008-present The Aspectran Project
Powered by Aspectran 9.6.1-SNAPSHOT&quot;.
(tried for 10 seconds with 500 milliseconds interval)
Build info: version: &#039;4.44.0&#039;, revision: &#039;da2039b&#039;
System info: os.name: &#039;Windows 11&#039;, os.arch: &#039;amd64&#039;, os.version: &#039;10.0&#039;, java.version: &#039;21.0.1&#039;
Driver info: org.openqa.selenium.edge.EdgeDriver
Capabilities {acceptInsecureCerts: false, browserName: MicrosoftEdge, browserVersion: 150.0.4078.48, fedcm:accounts: true, goog:processID: 50192, ms:edgeOptions: {debuggerAddress: localhost:56889}, msedge: {msedgedriverVersion: 150.0.4078.48 (6362dfa84aa4..., userDataDir: C:\Users\SA2069~1\AppData\L...}, networkConnectionEnabled: false, pageLoadStrategy: normal, platformName: windows, proxy: Proxy(), se:cdp: ws://localhost:56889/devtoo..., se:cdpVersion: 150.0.4078.48, setWindowRect: true, strictFileInteractability: false, timeouts: {implicit: 0, pageLoad: 300000, script: 30000}, unhandledPromptBehavior: dismiss and notify, webauthn:extension:credBlob: true, webauthn:extension:largeBlob: true, webauthn:extension:minPinLength: true, webauthn:extension:prf: true, webauthn:virtualAuthenticators: true}
Session ID: a3a45b5fec97bd5e1343b1a7ee12c60c" type="org.openqa.selenium.TimeoutException">
      <![CDATA[org.openqa.selenium.TimeoutException: Expected condition failed: waiting for element found by By.tagName: body to contain text "Manx". Current text: "SAMPLE APPS
GET INVOLVED
MONITORING
A FULL-STACK SAMPLE WEB APPLICATION BUILT ON TOP OF ASPECTRAN AND MYBATIS
JPetStore Demo
The goal of the JPetStore Demo App is to provide and demonstrate a sample web application that leverages Aspectran and MyBatis.
Sample Apps
JPetStore Demo
Fish
Dogs
Reptiles
Cats
Birds
AppMon
?
0 My Orders
Search Results for "cats"
Return to Main Menu
Product ID Name Description
aspectran.com
mybatis.org
ABOUT ASPECTRAN
Aspectran is a lightweight, high‑performance framework for building both simple shell applications and large enterprise web services on the JVM.
GET INVOLVED
GitHub
Copyright © 2008-present The Aspectran Project
Powered by Aspectran 9.6.1-SNAPSHOT".
(tried for 10 seconds with 500 milliseconds interval)
Build info: version: '4.44.0', revision: 'da2039b'
System info: os.name: 'Windows 11', os.arch: 'amd64', os.version: '10.0', java.version: '21.0.1'
Driver info: org.openqa.selenium.edge.EdgeDriver
Capabilities {acceptInsecureCerts: false, browserName: MicrosoftEdge, browserVersion: 150.0.4078.48, fedcm:accounts: true, goog:processID: 50192, ms:edgeOptions: {debuggerAddress: localhost:56889}, msedge: {msedgedriverVersion: 150.0.4078.48 (6362dfa84aa4..., userDataDir: C:\Users\SA2069~1\AppData\L...}, networkConnectionEnabled: false, pageLoadStrategy: normal, platformName: windows, proxy: Proxy(), se:cdp: ws://localhost:56889/devtoo..., se:cdpVersion: 150.0.4078.48, setWindowRect: true, strictFileInteractability: false, timeouts: {implicit: 0, pageLoad: 300000, script: 30000}, unhandledPromptBehavior: dismiss and notify, webauthn:extension:credBlob: true, webauthn:extension:largeBlob: true, webauthn:extension:minPinLength: true, webauthn:extension:prf: true, webauthn:virtualAuthenticators: true}
Session ID: a3a45b5fec97bd5e1343b1a7ee12c60c
at org.openqa.selenium.support.ui.WebDriverWait.timeoutException(WebDriverWait.java:85)
at org.openqa.selenium.support.ui.FluentWait.until(FluentWait.java:234)
at stepDef.HomeStepDef.user_should_able_to_see_data_related_to_it_with_expected_text(HomeStepDef.java:109)
at ✽.User Should able to see data related to it with expected text "Manx"(file:///C:/Users/SA20696539/git/SDET-capstoneproject/JpetCapstone/src/test/java/features/03_JpetHome.feature:21)
]]>
    </error>
  </testcase> <!-- runScenario -->
  <testcase classname="runner.JpetRunner" name="runScenario" time="72.990"/>
  <testcase classname="runner.JpetRunner" name="runScenario" time="88.774">
    <error message="Expected condition failed: waiting for element found by By.tagName: body to contain text &quot;Amazon Parrot&quot;. Current text: &quot;SAMPLE APPS
GET INVOLVED
MONITORING
A FULL-STACK SAMPLE WEB APPLICATION BUILT ON TOP OF ASPECTRAN AND MYBATIS
JPetStore Demo
The goal of the JPetStore Demo App is to provide and demonstrate a sample web application that leverages Aspectran and MyBatis.
Sample Apps
JPetStore Demo
Fish
Dogs
Reptiles
Cats
Birds
AppMon
?
0 My Orders
Search Results for &quot;birds&quot;
Return to Main Menu
Product ID Name Description
aspectran.com
mybatis.org
ABOUT ASPECTRAN
Aspectran is a lightweight, high‑performance framework for building both simple shell applications and large enterprise web services on the JVM.
GET INVOLVED
GitHub
Copyright © 2008-present The Aspectran Project
Powered by Aspectran 9.6.1-SNAPSHOT&quot;.
(tried for 10 seconds with 500 milliseconds interval)
Build info: version: &#039;4.44.0&#039;, revision: &#039;da2039b&#039;
System info: os.name: &#039;Windows 11&#039;, os.arch: &#039;amd64&#039;, os.version: &#039;10.0&#039;, java.version: &#039;21.0.1&#039;
Driver info: org.openqa.selenium.edge.EdgeDriver
Capabilities {acceptInsecureCerts: false, browserName: MicrosoftEdge, browserVersion: 150.0.4078.48, fedcm:accounts: true, goog:processID: 44936, ms:edgeOptions: {debuggerAddress: localhost:58178}, msedge: {msedgedriverVersion: 150.0.4078.48 (6362dfa84aa4..., userDataDir: C:\Users\SA2069~1\AppData\L...}, networkConnectionEnabled: false, pageLoadStrategy: normal, platformName: windows, proxy: Proxy(), se:cdp: ws://localhost:58178/devtoo..., se:cdpVersion: 150.0.4078.48, setWindowRect: true, strictFileInteractability: false, timeouts: {implicit: 0, pageLoad: 300000, script: 30000}, unhandledPromptBehavior: dismiss and notify, webauthn:extension:credBlob: true, webauthn:extension:largeBlob: true, webauthn:extension:minPinLength: true, webauthn:extension:prf: true, webauthn:virtualAuthenticators: true}
Session ID: 532ab87ccbb3db5acbab8d23b4dff1bf" type="org.openqa.selenium.TimeoutException">
      <![CDATA[org.openqa.selenium.TimeoutException: Expected condition failed: waiting for element found by By.tagName: body to contain text "Amazon Parrot". Current text: "SAMPLE APPS
GET INVOLVED
MONITORING
A FULL-STACK SAMPLE WEB APPLICATION BUILT ON TOP OF ASPECTRAN AND MYBATIS
JPetStore Demo
The goal of the JPetStore Demo App is to provide and demonstrate a sample web application that leverages Aspectran and MyBatis.
Sample Apps
JPetStore Demo
Fish
Dogs
Reptiles
Cats
Birds
AppMon
?
0 My Orders
Search Results for "birds"
Return to Main Menu
Product ID Name Description
aspectran.com
mybatis.org
ABOUT ASPECTRAN
Aspectran is a lightweight, high‑performance framework for building both simple shell applications and large enterprise web services on the JVM.
GET INVOLVED
GitHub
Copyright © 2008-present The Aspectran Project
Powered by Aspectran 9.6.1-SNAPSHOT".
(tried for 10 seconds with 500 milliseconds interval)
Build info: version: '4.44.0', revision: 'da2039b'
System info: os.name: 'Windows 11', os.arch: 'amd64', os.version: '10.0', java.version: '21.0.1'
Driver info: org.openqa.selenium.edge.EdgeDriver
Capabilities {acceptInsecureCerts: false, browserName: MicrosoftEdge, browserVersion: 150.0.4078.48, fedcm:accounts: true, goog:processID: 44936, ms:edgeOptions: {debuggerAddress: localhost:58178}, msedge: {msedgedriverVersion: 150.0.4078.48 (6362dfa84aa4..., userDataDir: C:\Users\SA2069~1\AppData\L...}, networkConnectionEnabled: false, pageLoadStrategy: normal, platformName: windows, proxy: Proxy(), se:cdp: ws://localhost:58178/devtoo..., se:cdpVersion: 150.0.4078.48, setWindowRect: true, strictFileInteractability: false, timeouts: {implicit: 0, pageLoad: 300000, script: 30000}, unhandledPromptBehavior: dismiss and notify, webauthn:extension:credBlob: true, webauthn:extension:largeBlob: true, webauthn:extension:minPinLength: true, webauthn:extension:prf: true, webauthn:virtualAuthenticators: true}
Session ID: 532ab87ccbb3db5acbab8d23b4dff1bf
at org.openqa.selenium.support.ui.WebDriverWait.timeoutException(WebDriverWait.java:85)
at org.openqa.selenium.support.ui.FluentWait.until(FluentWait.java:234)
at stepDef.HomeStepDef.user_should_able_to_see_data_related_to_it_with_expected_text(HomeStepDef.java:109)
at ✽.User Should able to see data related to it with expected text "Amazon Parrot"(file:///C:/Users/SA20696539/git/SDET-capstoneproject/JpetCapstone/src/test/java/features/03_JpetHome.feature:21)
]]>
    </error>
  </testcase> <!-- runScenario -->
  <testcase classname="runner.JpetRunner" name="runScenario" time="15.099"/>
  <testcase classname="runner.JpetRunner" name="runScenario" time="41.272"/>
  <testcase classname="runner.JpetRunner" name="runScenario" time="25.170"/>
  <testcase classname="runner.JpetRunner" name="runScenario" time="50.462"/>
  <testcase classname="runner.JpetRunner" name="runScenario" time="61.333">
    <error message="Expected condition failed: waiting for element found by By.tagName: body to contain text &quot;Rattlesnake&quot;. Current text: &quot;SAMPLE APPS
GET INVOLVED
MONITORING
A FULL-STACK SAMPLE WEB APPLICATION BUILT ON TOP OF ASPECTRAN AND MYBATIS
JPetStore Demo
The goal of the JPetStore Demo App is to provide and demonstrate a sample web application that leverages Aspectran and MyBatis.
Sample Apps
JPetStore Demo
Fish
Dogs
Reptiles
Cats
Birds
AppMon
?
0 My Orders
Search Results for &quot;reptiles&quot;
Return to Main Menu
Product ID Name Description
aspectran.com
mybatis.org
ABOUT ASPECTRAN
Aspectran is a lightweight, high‑performance framework for building both simple shell applications and large enterprise web services on the JVM.
GET INVOLVED
GitHub
Copyright © 2008-present The Aspectran Project
Powered by Aspectran 9.6.1-SNAPSHOT&quot;.
(tried for 10 seconds with 500 milliseconds interval)
Build info: version: &#039;4.44.0&#039;, revision: &#039;da2039b&#039;
System info: os.name: &#039;Windows 11&#039;, os.arch: &#039;amd64&#039;, os.version: &#039;10.0&#039;, java.version: &#039;21.0.1&#039;
Driver info: org.openqa.selenium.edge.EdgeDriver
Capabilities {acceptInsecureCerts: false, browserName: MicrosoftEdge, browserVersion: 150.0.4078.48, fedcm:accounts: true, goog:processID: 44496, ms:edgeOptions: {debuggerAddress: localhost:55581}, msedge: {msedgedriverVersion: 150.0.4078.48 (6362dfa84aa4..., userDataDir: C:\Users\SA2069~1\AppData\L...}, networkConnectionEnabled: false, pageLoadStrategy: normal, platformName: windows, proxy: Proxy(), se:cdp: ws://localhost:55581/devtoo..., se:cdpVersion: 150.0.4078.48, setWindowRect: true, strictFileInteractability: false, timeouts: {implicit: 0, pageLoad: 300000, script: 30000}, unhandledPromptBehavior: dismiss and notify, webauthn:extension:credBlob: true, webauthn:extension:largeBlob: true, webauthn:extension:minPinLength: true, webauthn:extension:prf: true, webauthn:virtualAuthenticators: true}
Session ID: 2f9af0170454752ee5f6e5480882e7e3" type="org.openqa.selenium.TimeoutException">
      <![CDATA[org.openqa.selenium.TimeoutException: Expected condition failed: waiting for element found by By.tagName: body to contain text "Rattlesnake". Current text: "SAMPLE APPS
GET INVOLVED
MONITORING
A FULL-STACK SAMPLE WEB APPLICATION BUILT ON TOP OF ASPECTRAN AND MYBATIS
JPetStore Demo
The goal of the JPetStore Demo App is to provide and demonstrate a sample web application that leverages Aspectran and MyBatis.
Sample Apps
JPetStore Demo
Fish
Dogs
Reptiles
Cats
Birds
AppMon
?
0 My Orders
Search Results for "reptiles"
Return to Main Menu
Product ID Name Description
aspectran.com
mybatis.org
ABOUT ASPECTRAN
Aspectran is a lightweight, high‑performance framework for building both simple shell applications and large enterprise web services on the JVM.
GET INVOLVED
GitHub
Copyright © 2008-present The Aspectran Project
Powered by Aspectran 9.6.1-SNAPSHOT".
(tried for 10 seconds with 500 milliseconds interval)
Build info: version: '4.44.0', revision: 'da2039b'
System info: os.name: 'Windows 11', os.arch: 'amd64', os.version: '10.0', java.version: '21.0.1'
Driver info: org.openqa.selenium.edge.EdgeDriver
Capabilities {acceptInsecureCerts: false, browserName: MicrosoftEdge, browserVersion: 150.0.4078.48, fedcm:accounts: true, goog:processID: 44496, ms:edgeOptions: {debuggerAddress: localhost:55581}, msedge: {msedgedriverVersion: 150.0.4078.48 (6362dfa84aa4..., userDataDir: C:\Users\SA2069~1\AppData\L...}, networkConnectionEnabled: false, pageLoadStrategy: normal, platformName: windows, proxy: Proxy(), se:cdp: ws://localhost:55581/devtoo..., se:cdpVersion: 150.0.4078.48, setWindowRect: true, strictFileInteractability: false, timeouts: {implicit: 0, pageLoad: 300000, script: 30000}, unhandledPromptBehavior: dismiss and notify, webauthn:extension:credBlob: true, webauthn:extension:largeBlob: true, webauthn:extension:minPinLength: true, webauthn:extension:prf: true, webauthn:virtualAuthenticators: true}
Session ID: 2f9af0170454752ee5f6e5480882e7e3
at org.openqa.selenium.support.ui.WebDriverWait.timeoutException(WebDriverWait.java:85)
at org.openqa.selenium.support.ui.FluentWait.until(FluentWait.java:234)
at stepDef.HomeStepDef.user_should_able_to_see_data_related_to_it_with_expected_text(HomeStepDef.java:109)
at ✽.User Should able to see data related to it with expected text "Rattlesnake"(file:///C:/Users/SA20696539/git/SDET-capstoneproject/JpetCapstone/src/test/java/features/03_JpetHome.feature:21)
]]>
    </error>
  </testcase> <!-- runScenario -->
  <testcase classname="runner.JpetRunner" name="runScenario" time="39.218"/>
  <testcase classname="runner.JpetRunner" name="runScenario" time="76.799"/>
  <testcase classname="runner.JpetRunner" name="runScenario" time="54.365"/>
  <testcase classname="runner.JpetRunner" name="runScenario" time="49.078"/>
  <testcase classname="runner.JpetRunner" name="runScenario" time="41.012"/>
  <testcase classname="runner.JpetRunner" name="runScenario" time="71.819"/>
  <testcase classname="runner.JpetRunner" name="runScenario" time="60.878"/>
  <testcase classname="runner.JpetRunner" name="runScenario" time="48.646">
    <failure type="junit.framework.AssertionFailedError">
      <![CDATA[junit.framework.AssertionFailedError
at junit.framework.Assert.fail(Assert.java:55)
at junit.framework.Assert.assertTrue(Assert.java:22)
at junit.framework.Assert.assertTrue(Assert.java:31)
at stepDef.LoginAndLogoutStepDef.they_should_see_an_error_message(LoginAndLogoutStepDef.java:138)
at ✽.they should see an error message "Enter password"(file:///C:/Users/SA20696539/git/SDET-capstoneproject/JpetCapstone/src/test/java/features/02_JpetLoginAndLogout.feature:18)
]]>
    </failure>
  </testcase> <!-- runScenario -->
  <testcase classname="runner.JpetRunner" name="runScenario" time="87.474">
    <error message="Expected condition failed: waiting for element found by By.tagName: body to contain text &quot;Amazon Parrot&quot;. Current text: &quot;SAMPLE APPS
GET INVOLVED
MONITORING
A FULL-STACK SAMPLE WEB APPLICATION BUILT ON TOP OF ASPECTRAN AND MYBATIS
JPetStore Demo
The goal of the JPetStore Demo App is to provide and demonstrate a sample web application that leverages Aspectran and MyBatis.
Sample Apps
JPetStore Demo
Fish
Dogs
Reptiles
Cats
Birds
AppMon
?
0 My Orders
Welcome Naga!
Fish
Saltwater, Freshwater
Dogs
Various Breeds
Cats
Various Breeds, Exotic Varieties
Reptiles
Lizards, Turtles, Snakes
Birds
Exotic Varieties
Pet Favorites
Shop for more of your favorite pets here.
Angelfish
Tiger Shark
Koi
Goldfish
aspectran.com
mybatis.org
ABOUT ASPECTRAN
Aspectran is a lightweight, high‑performance framework for building both simple shell applications and large enterprise web services on the JVM.
GET INVOLVED
GitHub
Copyright © 2008-present The Aspectran Project
Powered by Aspectran 9.6.1-SNAPSHOT&quot;.
(tried for 10 seconds with 500 milliseconds interval)
Build info: version: &#039;4.44.0&#039;, revision: &#039;da2039b&#039;
System info: os.name: &#039;Windows 11&#039;, os.arch: &#039;amd64&#039;, os.version: &#039;10.0&#039;, java.version: &#039;21.0.1&#039;
Driver info: org.openqa.selenium.edge.EdgeDriver
Capabilities {acceptInsecureCerts: false, browserName: MicrosoftEdge, browserVersion: 150.0.4078.48, fedcm:accounts: true, goog:processID: 49516, ms:edgeOptions: {debuggerAddress: localhost:61299}, msedge: {msedgedriverVersion: 150.0.4078.48 (6362dfa84aa4..., userDataDir: C:\Users\SA2069~1\AppData\L...}, networkConnectionEnabled: false, pageLoadStrategy: normal, platformName: windows, proxy: Proxy(), se:cdp: ws://localhost:61299/devtoo..., se:cdpVersion: 150.0.4078.48, setWindowRect: true, strictFileInteractability: false, timeouts: {implicit: 0, pageLoad: 300000, script: 30000}, unhandledPromptBehavior: dismiss and notify, webauthn:extension:credBlob: true, webauthn:extension:largeBlob: true, webauthn:extension:minPinLength: true, webauthn:extension:prf: true, webauthn:virtualAuthenticators: true}
Session ID: 18cea68ff911ff5ea9bc7d7a43fac62f" type="org.openqa.selenium.TimeoutException">
      <![CDATA[org.openqa.selenium.TimeoutException: Expected condition failed: waiting for element found by By.tagName: body to contain text "Amazon Parrot". Current text: "SAMPLE APPS
GET INVOLVED
MONITORING
A FULL-STACK SAMPLE WEB APPLICATION BUILT ON TOP OF ASPECTRAN AND MYBATIS
JPetStore Demo
The goal of the JPetStore Demo App is to provide and demonstrate a sample web application that leverages Aspectran and MyBatis.
Sample Apps
JPetStore Demo
Fish
Dogs
Reptiles
Cats
Birds
AppMon
?
0 My Orders
Welcome Naga!
Fish
Saltwater, Freshwater
Dogs
Various Breeds
Cats
Various Breeds, Exotic Varieties
Reptiles
Lizards, Turtles, Snakes
Birds
Exotic Varieties
Pet Favorites
Shop for more of your favorite pets here.
Angelfish
Tiger Shark
Koi
Goldfish
aspectran.com
mybatis.org
ABOUT ASPECTRAN
Aspectran is a lightweight, high‑performance framework for building both simple shell applications and large enterprise web services on the JVM.
GET INVOLVED
GitHub
Copyright © 2008-present The Aspectran Project
Powered by Aspectran 9.6.1-SNAPSHOT".
(tried for 10 seconds with 500 milliseconds interval)
Build info: version: '4.44.0', revision: 'da2039b'
System info: os.name: 'Windows 11', os.arch: 'amd64', os.version: '10.0', java.version: '21.0.1'
Driver info: org.openqa.selenium.edge.EdgeDriver
Capabilities {acceptInsecureCerts: false, browserName: MicrosoftEdge, browserVersion: 150.0.4078.48, fedcm:accounts: true, goog:processID: 49516, ms:edgeOptions: {debuggerAddress: localhost:61299}, msedge: {msedgedriverVersion: 150.0.4078.48 (6362dfa84aa4..., userDataDir: C:\Users\SA2069~1\AppData\L...}, networkConnectionEnabled: false, pageLoadStrategy: normal, platformName: windows, proxy: Proxy(), se:cdp: ws://localhost:61299/devtoo..., se:cdpVersion: 150.0.4078.48, setWindowRect: true, strictFileInteractability: false, timeouts: {implicit: 0, pageLoad: 300000, script: 30000}, unhandledPromptBehavior: dismiss and notify, webauthn:extension:credBlob: true, webauthn:extension:largeBlob: true, webauthn:extension:minPinLength: true, webauthn:extension:prf: true, webauthn:virtualAuthenticators: true}
Session ID: 18cea68ff911ff5ea9bc7d7a43fac62f
at org.openqa.selenium.support.ui.WebDriverWait.timeoutException(WebDriverWait.java:85)
at org.openqa.selenium.support.ui.FluentWait.until(FluentWait.java:234)
at stepDef.HomeStepDef.User_should_able_to_see_data_releated_to_it(HomeStepDef.java:83)
at ✽.User Should able to see data related to it(file:///C:/Users/SA20696539/git/SDET-capstoneproject/JpetCapstone/src/test/java/features/03_JpetHome.feature:14)
]]>
    </error>
  </testcase> <!-- runScenario -->
  <testcase classname="runner.JpetRunner" name="runScenario" time="79.273"/>
  <testcase classname="runner.JpetRunner" name="runScenario" time="53.567"/>
</testsuite> <!-- runner.JpetRunner -->
