<?xml version="1.0" encoding="UTF-8"?>
<testng-results ignored="0" total="27" passed="24" failed="3" skipped="0">
  <reporter-output>
  </reporter-output>
  <suite started-at="2026-07-07T12:20:27 IST" name="Default suite" finished-at="2026-07-07T12:29:20 IST" duration-ms="533310">
    <groups>
      <group name="cucumber">
        <method signature="AbstractTestNGCucumberTests.runScenario(io.cucumber.testng.PickleWrapper,io.cucumber.testng.FeatureWrapper)[pri:0, instance:runner.JpetRunner@5b94b04d]" name="runScenario" class="io.cucumber.testng.AbstractTestNGCucumberTests"/>
      </group> <!-- cucumber -->
    </groups>
    <test started-at="2026-07-07T12:20:27 IST" name="Default test" finished-at="2026-07-07T12:29:20 IST" duration-ms="533310">
      <class name="runner.JpetRunner">
        <test-method is-config="true" signature="setUpClass(org.testng.ITestContext)[pri:0, instance:runner.JpetRunner@5b94b04d]" started-at="2026-07-07T12:20:27 IST" name="setUpClass" finished-at="2026-07-07T12:20:29 IST" duration-ms="2321" status="PASS">
          <params>
            <param index="0">
              <value>
                <![CDATA[org.testng.TestRunner@81f9b01]]>
              </value>
            </param>
          </params>
          <reporter-output>
          </reporter-output>
        </test-method> <!-- setUpClass -->
        <test-method signature="runScenario(io.cucumber.testng.PickleWrapper,io.cucumber.testng.FeatureWrapper)[pri:0, instance:runner.JpetRunner@5b94b04d]" started-at="2026-07-07T12:20:29 IST" name="runScenario" description="Runs Cucumber Scenarios" data-provider="scenarios" finished-at="2026-07-07T12:20:41 IST" duration-ms="11992" status="PASS">
          <params>
            <param index="0">
              <value>
                <![CDATA["Register new user with valid details"]]>
              </value>
            </param>
            <param index="1">
              <value>
                <![CDATA["User Registration"]]>
              </value>
            </param>
          </params>
          <reporter-output>
          </reporter-output>
        </test-method> <!-- runScenario -->
        <test-method signature="runScenario(io.cucumber.testng.PickleWrapper,io.cucumber.testng.FeatureWrapper)[pri:0, instance:runner.JpetRunner@5b94b04d]" started-at="2026-07-07T12:20:41 IST" name="runScenario" description="Runs Cucumber Scenarios" data-provider="scenarios" finished-at="2026-07-07T12:20:51 IST" duration-ms="10023" status="PASS">
          <params>
            <param index="0">
              <value>
                <![CDATA["Verify mandatory field error messages"]]>
              </value>
            </param>
            <param index="1">
              <value>
                <![CDATA["User Registration"]]>
              </value>
            </param>
          </params>
          <reporter-output>
          </reporter-output>
        </test-method> <!-- runScenario -->
        <test-method signature="runScenario(io.cucumber.testng.PickleWrapper,io.cucumber.testng.FeatureWrapper)[pri:0, instance:runner.JpetRunner@5b94b04d]" started-at="2026-07-07T12:20:51 IST" name="runScenario" description="Runs Cucumber Scenarios" data-provider="scenarios" finished-at="2026-07-07T12:21:03 IST" duration-ms="11075" status="PASS">
          <params>
            <param index="0">
              <value>
                <![CDATA["Successful login with valid credentials"]]>
              </value>
            </param>
            <param index="1">
              <value>
                <![CDATA["User Login Functionality"]]>
              </value>
            </param>
          </params>
          <reporter-output>
          </reporter-output>
        </test-method> <!-- runScenario -->
        <test-method signature="runScenario(io.cucumber.testng.PickleWrapper,io.cucumber.testng.FeatureWrapper)[pri:0, instance:runner.JpetRunner@5b94b04d]" started-at="2026-07-07T12:21:03 IST" name="runScenario" description="Runs Cucumber Scenarios" data-provider="scenarios" finished-at="2026-07-07T12:21:16 IST" duration-ms="13102" status="PASS">
          <params>
            <param index="0">
              <value>
                <![CDATA["Failed login with invalid or missing credentials"]]>
              </value>
            </param>
            <param index="1">
              <value>
                <![CDATA["User Login Functionality"]]>
              </value>
            </param>
          </params>
          <reporter-output>
          </reporter-output>
        </test-method> <!-- runScenario -->
        <test-method signature="runScenario(io.cucumber.testng.PickleWrapper,io.cucumber.testng.FeatureWrapper)[pri:0, instance:runner.JpetRunner@5b94b04d]" started-at="2026-07-07T12:21:16 IST" name="runScenario" description="Runs Cucumber Scenarios" data-provider="scenarios" finished-at="2026-07-07T12:21:28 IST" duration-ms="12478" status="FAIL">
          <params>
            <param index="0">
              <value>
                <![CDATA["Failed login with invalid or missing credentials"]]>
              </value>
            </param>
            <param index="1">
              <value>
                <![CDATA["User Login Functionality"]]>
              </value>
            </param>
          </params>
          <exception class="junit.framework.AssertionFailedError">
            <full-stacktrace>
              <![CDATA[junit.framework.AssertionFailedError
at junit.framework.Assert.fail(Assert.java:55)
at junit.framework.Assert.assertTrue(Assert.java:22)
at junit.framework.Assert.assertTrue(Assert.java:31)
at stepDef.LoginAndLogoutStepDef.they_should_see_an_error_message(LoginAndLogoutStepDef.java:127)
at ✽.they should see an error message "Enter password"(file:///C:/Users/SA20696539/git/SDET-Capstone/JpetCapstone/src/test/java/features/02_JpetLoginAndLogout.feature:19)
]]>
            </full-stacktrace>
          </exception> <!-- junit.framework.AssertionFailedError -->
          <reporter-output>
          </reporter-output>
        </test-method> <!-- runScenario -->
        <test-method signature="runScenario(io.cucumber.testng.PickleWrapper,io.cucumber.testng.FeatureWrapper)[pri:0, instance:runner.JpetRunner@5b94b04d]" started-at="2026-07-07T12:21:28 IST" name="runScenario" description="Runs Cucumber Scenarios" data-provider="scenarios" finished-at="2026-07-07T12:21:41 IST" duration-ms="12408" status="FAIL">
          <params>
            <param index="0">
              <value>
                <![CDATA["Failed login with invalid or missing credentials"]]>
              </value>
            </param>
            <param index="1">
              <value>
                <![CDATA["User Login Functionality"]]>
              </value>
            </param>
          </params>
          <exception class="junit.framework.AssertionFailedError">
            <full-stacktrace>
              <![CDATA[junit.framework.AssertionFailedError
at junit.framework.Assert.fail(Assert.java:55)
at junit.framework.Assert.assertTrue(Assert.java:22)
at junit.framework.Assert.assertTrue(Assert.java:31)
at stepDef.LoginAndLogoutStepDef.they_should_see_an_error_message(LoginAndLogoutStepDef.java:127)
at ✽.they should see an error message "Enter username"(file:///C:/Users/SA20696539/git/SDET-Capstone/JpetCapstone/src/test/java/features/02_JpetLoginAndLogout.feature:19)
]]>
            </full-stacktrace>
          </exception> <!-- junit.framework.AssertionFailedError -->
          <reporter-output>
          </reporter-output>
        </test-method> <!-- runScenario -->
        <test-method signature="runScenario(io.cucumber.testng.PickleWrapper,io.cucumber.testng.FeatureWrapper)[pri:0, instance:runner.JpetRunner@5b94b04d]" started-at="2026-07-07T12:21:41 IST" name="runScenario" description="Runs Cucumber Scenarios" data-provider="scenarios" finished-at="2026-07-07T12:21:51 IST" duration-ms="10544" status="PASS">
          <params>
            <param index="0">
              <value>
                <![CDATA["Succesful user Logout"]]>
              </value>
            </param>
            <param index="1">
              <value>
                <![CDATA["User Login Functionality"]]>
              </value>
            </param>
          </params>
          <reporter-output>
          </reporter-output>
        </test-method> <!-- runScenario -->
        <test-method signature="runScenario(io.cucumber.testng.PickleWrapper,io.cucumber.testng.FeatureWrapper)[pri:0, instance:runner.JpetRunner@5b94b04d]" started-at="2026-07-07T12:21:51 IST" name="runScenario" description="Runs Cucumber Scenarios" data-provider="scenarios" finished-at="2026-07-07T12:22:15 IST" duration-ms="23854" status="FAIL">
          <params>
            <param index="0">
              <value>
                <![CDATA["User Searchbar Functionality"]]>
              </value>
            </param>
            <param index="1">
              <value>
                <![CDATA["Home Page Functionalities"]]>
              </value>
            </param>
          </params>
          <exception class="org.openqa.selenium.TimeoutException">
            <message>
              <![CDATA[Expected condition failed: waiting for element found by By.tagName: body to contain text "Amazon Parrot". Current text: "SAMPLE APPS
GET INVOLVED
MONITORING
A FULL-STACK SAMPLE WEB APPLICATION BUILT ON TOP OF ASPECTRAN AND MYBATIS
JPetStore Demo
The goal of the JPetStore Demo App is to provide and demonstrate a sample web application that leverages Aspectran and MyBatis.
Sample Apps
JPetStore Demo
Fish
Dogs
Reptiles
Cats
Birds
AppMon
?
0 My Orders
Welcome Naga!
Fish
Saltwater, Freshwater
Dogs
Various Breeds
Cats
Various Breeds, Exotic Varieties
Reptiles
Lizards, Turtles, Snakes
Birds
Exotic Varieties
Pet Favorites
Shop for more of your favorite pets here.
Angelfish
Tiger Shark
Koi
Goldfish
aspectran.com
mybatis.org
ABOUT ASPECTRAN
Aspectran is a lightweight, high‑performance framework for building both simple shell applications and large enterprise web services on the JVM.
GET INVOLVED
GitHub
Copyright © 2008-present The Aspectran Project
Powered by Aspectran 9.6.1-SNAPSHOT".
(tried for 10 seconds with 500 milliseconds interval)
Build info: version: '4.44.0', revision: 'da2039b'
System info: os.name: 'Windows 11', os.arch: 'amd64', os.version: '10.0', java.version: '21.0.1'
Driver info: org.openqa.selenium.edge.EdgeDriver
Capabilities {acceptInsecureCerts: false, browserName: MicrosoftEdge, browserVersion: 150.0.4078.48, fedcm:accounts: true, goog:processID: 21940, ms:edgeOptions: {debuggerAddress: localhost:49687}, msedge: {msedgedriverVersion: 150.0.4078.48 (6362dfa84aa4..., userDataDir: C:\Users\SA2069~1\AppData\L...}, networkConnectionEnabled: false, pageLoadStrategy: normal, platformName: windows, proxy: Proxy(), se:cdp: ws://localhost:49687/devtoo..., se:cdpVersion: 150.0.4078.48, setWindowRect: true, strictFileInteractability: false, timeouts: {implicit: 0, pageLoad: 300000, script: 30000}, unhandledPromptBehavior: dismiss and notify, webauthn:extension:credBlob: true, webauthn:extension:largeBlob: true, webauthn:extension:minPinLength: true, webauthn:extension:prf: true, webauthn:virtualAuthenticators: true}
Session ID: c4db7dbf4309b966080e3ab198197cea]]>
            </message>
            <full-stacktrace>
              <![CDATA[org.openqa.selenium.TimeoutException: Expected condition failed: waiting for element found by By.tagName: body to contain text "Amazon Parrot". Current text: "SAMPLE APPS
GET INVOLVED
MONITORING
A FULL-STACK SAMPLE WEB APPLICATION BUILT ON TOP OF ASPECTRAN AND MYBATIS
JPetStore Demo
The goal of the JPetStore Demo App is to provide and demonstrate a sample web application that leverages Aspectran and MyBatis.
Sample Apps
JPetStore Demo
Fish
Dogs
Reptiles
Cats
Birds
AppMon
?
0 My Orders
Welcome Naga!
Fish
Saltwater, Freshwater
Dogs
Various Breeds
Cats
Various Breeds, Exotic Varieties
Reptiles
Lizards, Turtles, Snakes
Birds
Exotic Varieties
Pet Favorites
Shop for more of your favorite pets here.
Angelfish
Tiger Shark
Koi
Goldfish
aspectran.com
mybatis.org
ABOUT ASPECTRAN
Aspectran is a lightweight, high‑performance framework for building both simple shell applications and large enterprise web services on the JVM.
GET INVOLVED
GitHub
Copyright © 2008-present The Aspectran Project
Powered by Aspectran 9.6.1-SNAPSHOT".
(tried for 10 seconds with 500 milliseconds interval)
Build info: version: '4.44.0', revision: 'da2039b'
System info: os.name: 'Windows 11', os.arch: 'amd64', os.version: '10.0', java.version: '21.0.1'
Driver info: org.openqa.selenium.edge.EdgeDriver
Capabilities {acceptInsecureCerts: false, browserName: MicrosoftEdge, browserVersion: 150.0.4078.48, fedcm:accounts: true, goog:processID: 21940, ms:edgeOptions: {debuggerAddress: localhost:49687}, msedge: {msedgedriverVersion: 150.0.4078.48 (6362dfa84aa4..., userDataDir: C:\Users\SA2069~1\AppData\L...}, networkConnectionEnabled: false, pageLoadStrategy: normal, platformName: windows, proxy: Proxy(), se:cdp: ws://localhost:49687/devtoo..., se:cdpVersion: 150.0.4078.48, setWindowRect: true, strictFileInteractability: false, timeouts: {implicit: 0, pageLoad: 300000, script: 30000}, unhandledPromptBehavior: dismiss and notify, webauthn:extension:credBlob: true, webauthn:extension:largeBlob: true, webauthn:extension:minPinLength: true, webauthn:extension:prf: true, webauthn:virtualAuthenticators: true}
Session ID: c4db7dbf4309b966080e3ab198197cea
at org.openqa.selenium.support.ui.WebDriverWait.timeoutException(WebDriverWait.java:85)
at org.openqa.selenium.support.ui.FluentWait.until(FluentWait.java:234)
at stepDef.HomeStepDef.User_should_able_to_see_data_releated_to_it(HomeStepDef.java:50)
at ✽.User Should able to see data related to it(file:///C:/Users/SA20696539/git/SDET-Capstone/JpetCapstone/src/test/java/features/03_JpetHome.feature:13)
]]>
            </full-stacktrace>
          </exception> <!-- org.openqa.selenium.TimeoutException -->
          <reporter-output>
          </reporter-output>
        </test-method> <!-- runScenario -->
        <test-method signature="runScenario(io.cucumber.testng.PickleWrapper,io.cucumber.testng.FeatureWrapper)[pri:0, instance:runner.JpetRunner@5b94b04d]" started-at="2026-07-07T12:22:15 IST" name="runScenario" description="Runs Cucumber Scenarios" data-provider="scenarios" finished-at="2026-07-07T12:22:29 IST" duration-ms="13697" status="PASS">
          <params>
            <param index="0">
              <value>
                <![CDATA["User Searchbar Functionality using Enter Key"]]>
              </value>
            </param>
            <param index="1">
              <value>
                <![CDATA["Home Page Functionalities"]]>
              </value>
            </param>
          </params>
          <reporter-output>
          </reporter-output>
        </test-method> <!-- runScenario -->
        <test-method signature="runScenario(io.cucumber.testng.PickleWrapper,io.cucumber.testng.FeatureWrapper)[pri:0, instance:runner.JpetRunner@5b94b04d]" started-at="2026-07-07T12:22:29 IST" name="runScenario" description="Runs Cucumber Scenarios" data-provider="scenarios" finished-at="2026-07-07T12:22:46 IST" duration-ms="17178" status="PASS">
          <params>
            <param index="0">
              <value>
                <![CDATA["Navbar Elements Navigation"]]>
              </value>
            </param>
            <param index="1">
              <value>
                <![CDATA["Home Page Functionalities"]]>
              </value>
            </param>
          </params>
          <reporter-output>
          </reporter-output>
        </test-method> <!-- runScenario -->
        <test-method signature="runScenario(io.cucumber.testng.PickleWrapper,io.cucumber.testng.FeatureWrapper)[pri:0, instance:runner.JpetRunner@5b94b04d]" started-at="2026-07-07T12:22:46 IST" name="runScenario" description="Runs Cucumber Scenarios" data-provider="scenarios" finished-at="2026-07-07T12:23:01 IST" duration-ms="15106" status="PASS">
          <params>
            <param index="0">
              <value>
                <![CDATA["Image Navigation Functionality"]]>
              </value>
            </param>
            <param index="1">
              <value>
                <![CDATA["Home Page Functionalities"]]>
              </value>
            </param>
          </params>
          <reporter-output>
          </reporter-output>
        </test-method> <!-- runScenario -->
        <test-method signature="runScenario(io.cucumber.testng.PickleWrapper,io.cucumber.testng.FeatureWrapper)[pri:0, instance:runner.JpetRunner@5b94b04d]" started-at="2026-07-07T12:23:01 IST" name="runScenario" description="Runs Cucumber Scenarios" data-provider="scenarios" finished-at="2026-07-07T12:23:14 IST" duration-ms="13083" status="PASS">
          <params>
            <param index="0">
              <value>
                <![CDATA["User Account Management"]]>
              </value>
            </param>
            <param index="1">
              <value>
                <![CDATA["Home Page Functionalities"]]>
              </value>
            </param>
          </params>
          <reporter-output>
          </reporter-output>
        </test-method> <!-- runScenario -->
        <test-method signature="runScenario(io.cucumber.testng.PickleWrapper,io.cucumber.testng.FeatureWrapper)[pri:0, instance:runner.JpetRunner@5b94b04d]" started-at="2026-07-07T12:23:14 IST" name="runScenario" description="Runs Cucumber Scenarios" data-provider="scenarios" finished-at="2026-07-07T12:23:26 IST" duration-ms="11672" status="PASS">
          <params>
            <param index="0">
              <value>
                <![CDATA["Add single item to cart"]]>
              </value>
            </param>
            <param index="1">
              <value>
                <![CDATA["Shopping Cart Functionality"]]>
              </value>
            </param>
          </params>
          <reporter-output>
          </reporter-output>
        </test-method> <!-- runScenario -->
        <test-method signature="runScenario(io.cucumber.testng.PickleWrapper,io.cucumber.testng.FeatureWrapper)[pri:0, instance:runner.JpetRunner@5b94b04d]" started-at="2026-07-07T12:23:26 IST" name="runScenario" description="Runs Cucumber Scenarios" data-provider="scenarios" finished-at="2026-07-07T12:23:41 IST" duration-ms="15417" status="PASS">
          <params>
            <param index="0">
              <value>
                <![CDATA["Add multiple items to cart"]]>
              </value>
            </param>
            <param index="1">
              <value>
                <![CDATA["Shopping Cart Functionality"]]>
              </value>
            </param>
          </params>
          <reporter-output>
          </reporter-output>
        </test-method> <!-- runScenario -->
        <test-method signature="runScenario(io.cucumber.testng.PickleWrapper,io.cucumber.testng.FeatureWrapper)[pri:0, instance:runner.JpetRunner@5b94b04d]" started-at="2026-07-07T12:23:41 IST" name="runScenario" description="Runs Cucumber Scenarios" data-provider="scenarios" finished-at="2026-07-07T12:24:14 IST" duration-ms="33276" status="PASS">
          <params>
            <param index="0">
              <value>
                <![CDATA["Remove single item from cart"]]>
              </value>
            </param>
            <param index="1">
              <value>
                <![CDATA["Shopping Cart Functionality"]]>
              </value>
            </param>
          </params>
          <reporter-output>
          </reporter-output>
        </test-method> <!-- runScenario -->
        <test-method signature="runScenario(io.cucumber.testng.PickleWrapper,io.cucumber.testng.FeatureWrapper)[pri:0, instance:runner.JpetRunner@5b94b04d]" started-at="2026-07-07T12:24:14 IST" name="runScenario" description="Runs Cucumber Scenarios" data-provider="scenarios" finished-at="2026-07-07T12:24:41 IST" duration-ms="26253" status="PASS">
          <params>
            <param index="0">
              <value>
                <![CDATA["Remove all items from cart"]]>
              </value>
            </param>
            <param index="1">
              <value>
                <![CDATA["Shopping Cart Functionality"]]>
              </value>
            </param>
          </params>
          <reporter-output>
          </reporter-output>
        </test-method> <!-- runScenario -->
        <test-method signature="runScenario(io.cucumber.testng.PickleWrapper,io.cucumber.testng.FeatureWrapper)[pri:0, instance:runner.JpetRunner@5b94b04d]" started-at="2026-07-07T12:24:41 IST" name="runScenario" description="Runs Cucumber Scenarios" data-provider="scenarios" finished-at="2026-07-07T12:24:59 IST" duration-ms="18446" status="PASS">
          <params>
            <param index="0">
              <value>
                <![CDATA["Remove specific item from multiple items"]]>
              </value>
            </param>
            <param index="1">
              <value>
                <![CDATA["Shopping Cart Functionality"]]>
              </value>
            </param>
          </params>
          <reporter-output>
          </reporter-output>
        </test-method> <!-- runScenario -->
        <test-method signature="runScenario(io.cucumber.testng.PickleWrapper,io.cucumber.testng.FeatureWrapper)[pri:0, instance:runner.JpetRunner@5b94b04d]" started-at="2026-07-07T12:24:59 IST" name="runScenario" description="Runs Cucumber Scenarios" data-provider="scenarios" finished-at="2026-07-07T12:25:11 IST" duration-ms="12365" status="PASS">
          <params>
            <param index="0">
              <value>
                <![CDATA["Update quantity for single item"]]>
              </value>
            </param>
            <param index="1">
              <value>
                <![CDATA["Shopping Cart Functionality"]]>
              </value>
            </param>
          </params>
          <reporter-output>
          </reporter-output>
        </test-method> <!-- runScenario -->
        <test-method signature="runScenario(io.cucumber.testng.PickleWrapper,io.cucumber.testng.FeatureWrapper)[pri:0, instance:runner.JpetRunner@5b94b04d]" started-at="2026-07-07T12:25:11 IST" name="runScenario" description="Runs Cucumber Scenarios" data-provider="scenarios" finished-at="2026-07-07T12:25:30 IST" duration-ms="18614" status="PASS">
          <params>
            <param index="0">
              <value>
                <![CDATA["Update cart after multiple modifications"]]>
              </value>
            </param>
            <param index="1">
              <value>
                <![CDATA["Shopping Cart Functionality"]]>
              </value>
            </param>
          </params>
          <reporter-output>
          </reporter-output>
        </test-method> <!-- runScenario -->
        <test-method signature="runScenario(io.cucumber.testng.PickleWrapper,io.cucumber.testng.FeatureWrapper)[pri:0, instance:runner.JpetRunner@5b94b04d]" started-at="2026-07-07T12:25:30 IST" name="runScenario" description="Runs Cucumber Scenarios" data-provider="scenarios" finished-at="2026-07-07T12:25:41 IST" duration-ms="10882" status="PASS">
          <params>
            <param index="0">
              <value>
                <![CDATA["Verify checkout button is displayed"]]>
              </value>
            </param>
            <param index="1">
              <value>
                <![CDATA["Shopping Cart Functionality"]]>
              </value>
            </param>
          </params>
          <reporter-output>
          </reporter-output>
        </test-method> <!-- runScenario -->
        <test-method signature="runScenario(io.cucumber.testng.PickleWrapper,io.cucumber.testng.FeatureWrapper)[pri:0, instance:runner.JpetRunner@5b94b04d]" started-at="2026-07-07T12:25:41 IST" name="runScenario" description="Runs Cucumber Scenarios" data-provider="scenarios" finished-at="2026-07-07T12:26:19 IST" duration-ms="37616" status="PASS">
          <params>
            <param index="0">
              <value>
                <![CDATA["Complete checkout using default details"]]>
              </value>
            </param>
            <param index="1">
              <value>
                <![CDATA["Checkout Functionality"]]>
              </value>
            </param>
          </params>
          <reporter-output>
          </reporter-output>
        </test-method> <!-- runScenario -->
        <test-method signature="runScenario(io.cucumber.testng.PickleWrapper,io.cucumber.testng.FeatureWrapper)[pri:0, instance:runner.JpetRunner@5b94b04d]" started-at="2026-07-07T12:26:19 IST" name="runScenario" description="Runs Cucumber Scenarios" data-provider="scenarios" finished-at="2026-07-07T12:26:50 IST" duration-ms="31577" status="PASS">
          <params>
            <param index="0">
              <value>
                <![CDATA["Complete checkout with modified billing details"]]>
              </value>
            </param>
            <param index="1">
              <value>
                <![CDATA["Checkout Functionality"]]>
              </value>
            </param>
          </params>
          <reporter-output>
          </reporter-output>
        </test-method> <!-- runScenario -->
        <test-method signature="runScenario(io.cucumber.testng.PickleWrapper,io.cucumber.testng.FeatureWrapper)[pri:0, instance:runner.JpetRunner@5b94b04d]" started-at="2026-07-07T12:26:50 IST" name="runScenario" description="Runs Cucumber Scenarios" data-provider="scenarios" finished-at="2026-07-07T12:27:20 IST" duration-ms="29827" status="PASS">
          <params>
            <param index="0">
              <value>
                <![CDATA["Verify order number generation"]]>
              </value>
            </param>
            <param index="1">
              <value>
                <![CDATA["Checkout Functionality"]]>
              </value>
            </param>
          </params>
          <reporter-output>
          </reporter-output>
        </test-method> <!-- runScenario -->
        <test-method signature="runScenario(io.cucumber.testng.PickleWrapper,io.cucumber.testng.FeatureWrapper)[pri:0, instance:runner.JpetRunner@5b94b04d]" started-at="2026-07-07T12:27:20 IST" name="runScenario" description="Runs Cucumber Scenarios" data-provider="scenarios" finished-at="2026-07-07T12:27:51 IST" duration-ms="30714" status="PASS">
          <params>
            <param index="0">
              <value>
                <![CDATA["Verify order details page"]]>
              </value>
            </param>
            <param index="1">
              <value>
                <![CDATA["Checkout Functionality"]]>
              </value>
            </param>
          </params>
          <reporter-output>
          </reporter-output>
        </test-method> <!-- runScenario -->
        <test-method signature="runScenario(io.cucumber.testng.PickleWrapper,io.cucumber.testng.FeatureWrapper)[pri:0, instance:runner.JpetRunner@5b94b04d]" started-at="2026-07-07T12:27:51 IST" name="runScenario" description="Runs Cucumber Scenarios" data-provider="scenarios" finished-at="2026-07-07T12:28:31 IST" duration-ms="39982" status="PASS">
          <params>
            <param index="0">
              <value>
                <![CDATA["Delete newly created order"]]>
              </value>
            </param>
            <param index="1">
              <value>
                <![CDATA["Checkout Functionality"]]>
              </value>
            </param>
          </params>
          <reporter-output>
          </reporter-output>
        </test-method> <!-- runScenario -->
        <test-method signature="runScenario(io.cucumber.testng.PickleWrapper,io.cucumber.testng.FeatureWrapper)[pri:0, instance:runner.JpetRunner@5b94b04d]" started-at="2026-07-07T12:28:31 IST" name="runScenario" description="Runs Cucumber Scenarios" data-provider="scenarios" finished-at="2026-07-07T12:28:54 IST" duration-ms="23839" status="PASS">
          <params>
            <param index="0">
              <value>
                <![CDATA["Delete Existing Order Successfully"]]>
              </value>
            </param>
            <param index="1">
              <value>
                <![CDATA["Order Delete Functionality"]]>
              </value>
            </param>
          </params>
          <reporter-output>
          </reporter-output>
        </test-method> <!-- runScenario -->
        <test-method signature="runScenario(io.cucumber.testng.PickleWrapper,io.cucumber.testng.FeatureWrapper)[pri:0, instance:runner.JpetRunner@5b94b04d]" started-at="2026-07-07T12:28:54 IST" name="runScenario" description="Runs Cucumber Scenarios" data-provider="scenarios" finished-at="2026-07-07T12:29:20 IST" duration-ms="25777" status="PASS">
          <params>
            <param index="0">
              <value>
                <![CDATA["Verify No Orders Message"]]>
              </value>
            </param>
            <param index="1">
              <value>
                <![CDATA["Order Delete Functionality"]]>
              </value>
            </param>
          </params>
          <reporter-output>
          </reporter-output>
        </test-method> <!-- runScenario -->
        <test-method is-config="true" signature="tearDownClass()[pri:0, instance:runner.JpetRunner@5b94b04d]" started-at="2026-07-07T12:29:20 IST" name="tearDownClass" finished-at="2026-07-07T12:29:20 IST" duration-ms="114" status="PASS">
          <reporter-output>
          </reporter-output>
        </test-method> <!-- tearDownClass -->
      </class> <!-- runner.JpetRunner -->
    </test> <!-- Default test -->
  </suite> <!-- Default suite -->
</testng-results>
